This is pdfTeX, Version 3.141592653-2.6-1.40.24 (TeX Live 2022/Arch Linux) (preloaded format=pdflatex 2022.11.23)  6 APR 2023 13:25
entering extended mode
 restricted \write18 enabled.
 file:line:error style messages enabled.
 %&-line parsing enabled.
**/home/stirling/Documents/thesis/ThesisDoc/MainDoc.tex
(/home/stirling/Documents/thesis/ThesisDoc/MainDoc.tex
LaTeX2e <2021-11-15> patch level 1
L3 programming layer <2022-04-10> (/usr/share/texmf-dist/tex/latex/base/article.cls
Document Class: article 2021/10/04 v1.4n Standard LaTeX document class
(/usr/share/texmf-dist/tex/latex/base/size12.clo
File: size12.clo 2021/10/04 v1.4n Standard LaTeX file (size option)
)
\c@part=\count185
\c@section=\count186
\c@subsection=\count187
\c@subsubsection=\count188
\c@paragraph=\count189
\c@subparagraph=\count190
\c@figure=\count191
\c@table=\count192
\abovecaptionskip=\skip47
\belowcaptionskip=\skip48
\bibindent=\dimen138
) (/usr/share/texmf-dist/tex/latex/biblatex/biblatex.sty
Package: biblatex 2022/02/02 v3.17 programmable bibliographies (PK/MW)
 (/usr/share/texmf-dist/tex/generic/pdftexcmds/pdftexcmds.sty
Package: pdftexcmds 2020-06-27 v0.33 Utility functions of pdfTeX for LuaTeX (HO)
 (/usr/share/texmf-dist/tex/generic/infwarerr/infwarerr.sty
Package: infwarerr 2019/12/03 v1.5 Providing info/warning/error messages (HO)
) (/usr/share/texmf-dist/tex/generic/iftex/iftex.sty
Package: iftex 2022/02/03 v1.0f TeX engine tests
) (/usr/share/texmf-dist/tex/generic/ltxcmds/ltxcmds.sty
Package: ltxcmds 2020-05-10 v1.25 LaTeX kernel commands for general use (HO)
)
Package pdftexcmds Info: \pdf@primitive is available.
Package pdftexcmds Info: \pdf@ifprimitive is available.
Package pdftexcmds Info: \pdfdraftmode found.
) (/usr/share/texmf-dist/tex/latex/etoolbox/etoolbox.sty
Package: etoolbox 2020/10/05 v2.5k e-TeX tools for LaTeX (JAW)
\etb@tempcnta=\count193
) (/usr/share/texmf-dist/tex/latex/graphics/keyval.sty
Package: keyval 2014/10/28 v1.15 key=value parser (DPC)
\KV@toks@=\toks16
) (/usr/share/texmf-dist/tex/latex/kvoptions/kvoptions.sty
Package: kvoptions 2020-10-07 v3.14 Key value format for package options (HO)
 (/usr/share/texmf-dist/tex/generic/kvsetkeys/kvsetkeys.sty
Package: kvsetkeys 2019/12/15 v1.18 Key value parser (HO)
)) (/usr/share/texmf-dist/tex/latex/logreq/logreq.sty
Package: logreq 2010/08/04 v1.0 xml request logger
\lrq@indent=\count194
 (/usr/share/texmf-dist/tex/latex/logreq/logreq.def
File: logreq.def 2010/08/04 v1.0 logreq spec v1.0
)) (/usr/share/texmf-dist/tex/latex/base/ifthen.sty
Package: ifthen 2020/11/24 v1.1c Standard LaTeX ifthen package (DPC)
) (/usr/share/texmf-dist/tex/latex/url/url.sty
\Urlmuskip=\muskip16
Package: url 2013/09/16  ver 3.4  Verb mode for urls, etc.
)
\c@tabx@nest=\count195
\c@listtotal=\count196
\c@listcount=\count197
\c@liststart=\count198
\c@liststop=\count199
\c@citecount=\count266
\c@citetotal=\count267
\c@multicitecount=\count268
\c@multicitetotal=\count269
\c@instcount=\count270
\c@maxnames=\count271
\c@minnames=\count272
\c@maxitems=\count273
\c@minitems=\count274
\c@citecounter=\count275
\c@maxcitecounter=\count276
\c@savedcitecounter=\count277
\c@uniquelist=\count278
\c@uniquename=\count279
\c@refsection=\count280
\c@refsegment=\count281
\c@maxextratitle=\count282
\c@maxextratitleyear=\count283
\c@maxextraname=\count284
\c@maxextradate=\count285
\c@maxextraalpha=\count286
\c@abbrvpenalty=\count287
\c@highnamepenalty=\count288
\c@lownamepenalty=\count289
\c@maxparens=\count290
\c@parenlevel=\count291
\blx@tempcnta=\count292
\blx@tempcntb=\count293
\blx@tempcntc=\count294
\c@blx@maxsection=\count295
\c@blx@maxsegment@0=\count296
\blx@notetype=\count297
\blx@parenlevel@text=\count298
\blx@parenlevel@foot=\count299
\c@blx@sectionciteorder@0=\count300
\blx@entrysetcounter=\count301
\blx@biblioinstance=\count302
\labelnumberwidth=\skip49
\labelalphawidth=\skip50
\biblabelsep=\skip51
\bibitemsep=\skip52
\bibnamesep=\skip53
\bibinitsep=\skip54
\bibparsep=\skip55
\bibhang=\skip56
\blx@bcfin=\read2
\blx@bcfout=\write3
\blx@langwohyphens=\language87
\c@mincomprange=\count303
\c@maxcomprange=\count304
\c@mincompwidth=\count305
Package biblatex Info: Trying to load biblatex default data model...
Package biblatex Info: ... file 'blx-dm.def' found.
 (/usr/share/texmf-dist/tex/latex/biblatex/blx-dm.def
File: blx-dm.def 2022/02/02 v3.17 biblatex localization (PK/MW)
)
Package biblatex Info: Trying to load biblatex style data model...
Package biblatex Info: ... file 'nature.dbx' not found.
Package biblatex Info: Trying to load biblatex custom data model...
Package biblatex Info: ... file 'biblatex-dm.cfg' not found.
\c@afterword=\count306
\c@savedafterword=\count307
\c@annotator=\count308
\c@savedannotator=\count309
\c@author=\count310
\c@savedauthor=\count311
\c@bookauthor=\count312
\c@savedbookauthor=\count313
\c@commentator=\count314
\c@savedcommentator=\count315
\c@editor=\count316
\c@savededitor=\count317
\c@editora=\count318
\c@savededitora=\count319
\c@editorb=\count320
\c@savededitorb=\count321
\c@editorc=\count322
\c@savededitorc=\count323
\c@foreword=\count324
\c@savedforeword=\count325
\c@holder=\count326
\c@savedholder=\count327
\c@introduction=\count328
\c@savedintroduction=\count329
\c@namea=\count330
\c@savednamea=\count331
\c@nameb=\count332
\c@savednameb=\count333
\c@namec=\count334
\c@savednamec=\count335
\c@translator=\count336
\c@savedtranslator=\count337
\c@shortauthor=\count338
\c@savedshortauthor=\count339
\c@shorteditor=\count340
\c@savedshorteditor=\count341
\c@labelname=\count342
\c@savedlabelname=\count343
\c@institution=\count344
\c@savedinstitution=\count345
\c@lista=\count346
\c@savedlista=\count347
\c@listb=\count348
\c@savedlistb=\count349
\c@listc=\count350
\c@savedlistc=\count351
\c@listd=\count352
\c@savedlistd=\count353
\c@liste=\count354
\c@savedliste=\count355
\c@listf=\count356
\c@savedlistf=\count357
\c@location=\count358
\c@savedlocation=\count359
\c@organization=\count360
\c@savedorganization=\count361
\c@origlocation=\count362
\c@savedoriglocation=\count363
\c@origpublisher=\count364
\c@savedorigpublisher=\count365
\c@publisher=\count366
\c@savedpublisher=\count367
\c@language=\count368
\c@savedlanguage=\count369
\c@origlanguage=\count370
\c@savedoriglanguage=\count371
\c@pageref=\count372
\c@savedpageref=\count373
\shorthandwidth=\skip57
\shortjournalwidth=\skip58
\shortserieswidth=\skip59
\shorttitlewidth=\skip60
\shortauthorwidth=\skip61
\shorteditorwidth=\skip62
\locallabelnumberwidth=\skip63
\locallabelalphawidth=\skip64
\localshorthandwidth=\skip65
\localshortjournalwidth=\skip66
\localshortserieswidth=\skip67
\localshorttitlewidth=\skip68
\localshortauthorwidth=\skip69
\localshorteditorwidth=\skip70
Package biblatex Info: Trying to load compatibility code...
Package biblatex Info: ... file 'blx-compat.def' found.
 (/usr/share/texmf-dist/tex/latex/biblatex/blx-compat.def
File: blx-compat.def 2022/02/02 v3.17 biblatex compatibility (PK/MW)
)
Package biblatex Info: Trying to load generic definitions...
Package biblatex Info: ... file 'biblatex.def' found.
 (/usr/share/texmf-dist/tex/latex/biblatex/biblatex.def
File: biblatex.def 2022/02/02 v3.17 biblatex compatibility (PK/MW)
\c@textcitecount=\count374
\c@textcitetotal=\count375
\c@textcitemaxnames=\count376
\c@biburlbigbreakpenalty=\count377
\c@biburlbreakpenalty=\count378
\c@biburlnumpenalty=\count379
\c@biburlucpenalty=\count380
\c@biburllcpenalty=\count381
\biburlbigskip=\muskip17
\biburlnumskip=\muskip18
\biburlucskip=\muskip19
\biburllcskip=\muskip20
\c@smartand=\count382
)
Package biblatex Info: Trying to load bibliography style 'nature'...
Package biblatex Info: ... file 'nature.bbx' found.
 (/usr/share/texmf-dist/tex/latex/biblatex-nature/nature.bbx
File: nature.bbx 2020/12/30 v1.3d biblatex bibliography style
Package biblatex Info: Trying to load bibliography style 'numeric-comp'...
Package biblatex Info: ... file 'numeric-comp.bbx' found.
 (/usr/share/texmf-dist/tex/latex/biblatex/bbx/numeric-comp.bbx
File: numeric-comp.bbx 2022/02/02 v3.17 biblatex bibliography style (PK/MW)
Package biblatex Info: Trying to load bibliography style 'numeric'...
Package biblatex Info: ... file 'numeric.bbx' found.
 (/usr/share/texmf-dist/tex/latex/biblatex/bbx/numeric.bbx
File: numeric.bbx 2022/02/02 v3.17 biblatex bibliography style (PK/MW)
Package biblatex Info: Trying to load bibliography style 'standard'...
Package biblatex Info: ... file 'standard.bbx' found.
 (/usr/share/texmf-dist/tex/latex/biblatex/bbx/standard.bbx
File: standard.bbx 2022/02/02 v3.17 biblatex bibliography style (PK/MW)
\c@bbx:relatedcount=\count383
\c@bbx:relatedtotal=\count384
))))
Package biblatex Info: Trying to load citation style 'nature'...
Package biblatex Info: ... file 'nature.cbx' found.
 (/usr/share/texmf-dist/tex/latex/biblatex-nature/nature.cbx
File: nature.cbx 2020/12/30 v1.3d biblatex citation style
Package biblatex Info: Trying to load citation style 'numeric-comp'...
Package biblatex Info: ... file 'numeric-comp.cbx' found.
 (/usr/share/texmf-dist/tex/latex/biblatex/cbx/numeric-comp.cbx
File: numeric-comp.cbx 2022/02/02 v3.17 biblatex citation style (PK/MW)
\c@cbx@tempcnta=\count385
\c@cbx@tempcntb=\count386
\c@cbx@tempcntc=\count387
\c@cbx@tempcntd=\count388
Package biblatex Info: Redefining '\cite'.
Package biblatex Info: Redefining '\parencite'.
Package biblatex Info: Redefining '\footcite'.
Package biblatex Info: Redefining '\footcitetext'.
Package biblatex Info: Redefining '\smartcite'.
Package biblatex Info: Redefining '\supercite'.
Package biblatex Info: Redefining '\textcite'.
Package biblatex Info: Redefining '\textcites'.
Package biblatex Info: Redefining '\cites'.
Package biblatex Info: Redefining '\parencites'.
Package biblatex Info: Redefining '\smartcites'.
))
Package biblatex Info: Trying to load configuration file...
Package biblatex Info: ... file 'biblatex.cfg' found.
 (/usr/share/texmf-dist/tex/latex/biblatex/biblatex.cfg
File: biblatex.cfg 
)
Package biblatex Info: Input encoding 'utf8' detected.
Package biblatex Info: Document encoding is UTF8 ....
 (/usr/share/texmf-dist/tex/latex/l3kernel/expl3.sty
Package: expl3 2022-04-10 L3 programming layer (loader) 
 (/usr/share/texmf-dist/tex/latex/l3backend/l3backend-pdftex.def
File: l3backend-pdftex.def 2022-04-14 L3 backend support: PDF output (pdfTeX)
\l__color_backend_stack_int=\count389
\l__pdf_internal_box=\box50
))
Package biblatex Info: ... and expl3
(biblatex)             2022-04-10 L3 programming layer (loader) 
(biblatex)             is new enough (at least 2020/04/06),
(biblatex)             setting 'casechanger=expl3'.
 (/usr/share/texmf-dist/tex/latex/biblatex/blx-case-expl3.sty (/usr/share/texmf-dist/tex/latex/l3packages/xparse/xparse.sty
Package: xparse 2022-01-12 L3 Experimental document command parser
)
Package: blx-case-expl3 2022/02/02 v3.17 expl3 case changing code for biblatex
)) (/usr/share/texmf-dist/tex/latex/svg/svg.sty
Package: svg 2020/11/26 v2.02k (include SVG pictures)
 (/usr/share/texmf-dist/tex/latex/koma-script/scrbase.sty
Package: scrbase 2021/11/13 v3.35 KOMA-Script package (KOMA-Script-independent basics and keyval usage)
 (/usr/share/texmf-dist/tex/latex/koma-script/scrlfile.sty
Package: scrlfile 2021/11/13 v3.35 KOMA-Script package (file load hooks)
 (/usr/share/texmf-dist/tex/latex/koma-script/scrlfile-hook.sty
Package: scrlfile-hook 2021/11/13 v3.35 KOMA-Script package (using LaTeX hooks)
 (/usr/share/texmf-dist/tex/latex/koma-script/scrlogo.sty
Package: scrlogo 2021/11/13 v3.35 KOMA-Script package (logo)
)))
Applying: [2021/05/01] Usage of raw or classic option list on input line 252.
Already applied: [0000/00/00] Usage of raw or classic option list on input line 368.
) (/usr/share/texmf-dist/tex/latex/trimspaces/trimspaces.sty
Package: trimspaces 2009/09/17 v1.1 Trim spaces around a token list
) (/usr/share/texmf-dist/tex/latex/graphics/graphicx.sty
Package: graphicx 2021/09/16 v1.2d Enhanced LaTeX Graphics (DPC,SPQR)
 (/usr/share/texmf-dist/tex/latex/graphics/graphics.sty
Package: graphics 2021/03/04 v1.4d Standard LaTeX Graphics (DPC,SPQR)
 (/usr/share/texmf-dist/tex/latex/graphics/trig.sty
Package: trig 2021/08/11 v1.11 sin cos tan (DPC)
) (/usr/share/texmf-dist/tex/latex/graphics-cfg/graphics.cfg
File: graphics.cfg 2016/06/04 v1.11 sample graphics configuration
)
Package graphics Info: Driver file: pdftex.def on input line 107.
 (/usr/share/texmf-dist/tex/latex/graphics-def/pdftex.def
File: pdftex.def 2020/10/05 v1.2a Graphics/color driver for pdftex
))
\Gin@req@height=\dimen139
\Gin@req@width=\dimen140
) (/usr/share/texmf-dist/tex/latex/tools/shellesc.sty
Package: shellesc 2019/11/08 v1.0c unified shell escape interface for LaTeX
Package shellesc Info: Restricted shell escape enabled on input line 77.
)
\c@svg@param@lastpage=\count390
\svg@box=\box51
\c@svg@param@currpage=\count391
) (/usr/share/texmf-dist/tex/latex/xcolor/xcolor.sty
Package: xcolor 2021/10/31 v2.13 LaTeX color extensions (UK)
 (/usr/share/texmf-dist/tex/latex/graphics-cfg/color.cfg
File: color.cfg 2016/01/02 v1.6 sample color configuration
)
Package xcolor Info: Driver file: pdftex.def on input line 227.
Package xcolor Info: Model `cmy' substituted by `cmy0' on input line 1352.
Package xcolor Info: Model `hsb' substituted by `rgb' on input line 1356.
Package xcolor Info: Model `RGB' extended on input line 1368.
Package xcolor Info: Model `HTML' substituted by `rgb' on input line 1370.
Package xcolor Info: Model `Hsb' substituted by `hsb' on input line 1371.
Package xcolor Info: Model `tHsb' substituted by `hsb' on input line 1372.
Package xcolor Info: Model `HSB' substituted by `hsb' on input line 1373.
Package xcolor Info: Model `Gray' substituted by `gray' on input line 1374.
Package xcolor Info: Model `wave' substituted by `hsb' on input line 1375.
) (/usr/share/texmf-dist/tex/latex/transparent/transparent.sty
Package: transparent 2019/11/29 v1.4 Transparency via pdfTeX's color stack (HO)
 (/usr/share/texmf-dist/tex/latex/auxhook/auxhook.sty
Package: auxhook 2019-12-17 v1.6 Hooks for auxiliary files (HO)
)) (/usr/share/texmf-dist/tex/latex/pgf/systemlayer/pgfsys.sty (/usr/share/texmf-dist/tex/latex/pgf/utilities/pgfrcs.sty (/usr/share/texmf-dist/tex/generic/pgf/utilities/pgfutil-common.tex
\pgfutil@everybye=\toks17
\pgfutil@tempdima=\dimen141
\pgfutil@tempdimb=\dimen142
 (/usr/share/texmf-dist/tex/generic/pgf/utilities/pgfutil-common-lists.tex)) (/usr/share/texmf-dist/tex/generic/pgf/utilities/pgfutil-latex.def
\pgfutil@abb=\box52
) (/usr/share/texmf-dist/tex/generic/pgf/utilities/pgfrcs.code.tex (/usr/share/texmf-dist/tex/generic/pgf/pgf.revision.tex)
Package: pgfrcs 2021/05/15 v3.1.9a (3.1.9a)
)) (/usr/share/texmf-dist/tex/generic/pgf/systemlayer/pgfsys.code.tex
Package: pgfsys 2021/05/15 v3.1.9a (3.1.9a)
 (/usr/share/texmf-dist/tex/generic/pgf/utilities/pgfkeys.code.tex
\pgfkeys@pathtoks=\toks18
\pgfkeys@temptoks=\toks19
 (/usr/share/texmf-dist/tex/generic/pgf/utilities/pgfkeysfiltered.code.tex
\pgfkeys@tmptoks=\toks20
))
\pgf@x=\dimen143
\pgf@y=\dimen144
\pgf@xa=\dimen145
\pgf@ya=\dimen146
\pgf@xb=\dimen147
\pgf@yb=\dimen148
\pgf@xc=\dimen149
\pgf@yc=\dimen150
\pgf@xd=\dimen151
\pgf@yd=\dimen152
\w@pgf@writea=\write4
\r@pgf@reada=\read3
\c@pgf@counta=\count392
\c@pgf@countb=\count393
\c@pgf@countc=\count394
\c@pgf@countd=\count395
\t@pgf@toka=\toks21
\t@pgf@tokb=\toks22
\t@pgf@tokc=\toks23
\pgf@sys@id@count=\count396
 (/usr/share/texmf-dist/tex/generic/pgf/systemlayer/pgf.cfg
File: pgf.cfg 2021/05/15 v3.1.9a (3.1.9a)
)
Driver file for pgf: pgfsys-pdftex.def
 (/usr/share/texmf-dist/tex/generic/pgf/systemlayer/pgfsys-pdftex.def
File: pgfsys-pdftex.def 2021/05/15 v3.1.9a (3.1.9a)
 (/usr/share/texmf-dist/tex/generic/pgf/systemlayer/pgfsys-common-pdf.def
File: pgfsys-common-pdf.def 2021/05/15 v3.1.9a (3.1.9a)
))) (/usr/share/texmf-dist/tex/generic/pgf/systemlayer/pgfsyssoftpath.code.tex
File: pgfsyssoftpath.code.tex 2021/05/15 v3.1.9a (3.1.9a)
\pgfsyssoftpath@smallbuffer@items=\count397
\pgfsyssoftpath@bigbuffer@items=\count398
) (/usr/share/texmf-dist/tex/generic/pgf/systemlayer/pgfsysprotocol.code.tex
File: pgfsysprotocol.code.tex 2021/05/15 v3.1.9a (3.1.9a)
)) (/usr/share/texmf-dist/tex/latex/amsmath/amsmath.sty
Package: amsmath 2021/10/15 v2.17l AMS math features
\@mathmargin=\skip71

For additional information on amsmath, use the `?' option.
(/usr/share/texmf-dist/tex/latex/amsmath/amstext.sty
Package: amstext 2021/08/26 v2.01 AMS text
 (/usr/share/texmf-dist/tex/latex/amsmath/amsgen.sty
File: amsgen.sty 1999/11/30 v2.0 generic functions
\@emptytoks=\toks24
\ex@=\dimen153
)) (/usr/share/texmf-dist/tex/latex/amsmath/amsbsy.sty
Package: amsbsy 1999/11/29 v1.2d Bold Symbols
\pmbraise@=\dimen154
) (/usr/share/texmf-dist/tex/latex/amsmath/amsopn.sty
Package: amsopn 2021/08/26 v2.02 operator names
)
\inf@bad=\count399
LaTeX Info: Redefining \frac on input line 234.
\uproot@=\count400
\leftroot@=\count401
LaTeX Info: Redefining \overline on input line 399.
\classnum@=\count402
\DOTSCASE@=\count403
LaTeX Info: Redefining \ldots on input line 496.
LaTeX Info: Redefining \dots on input line 499.
LaTeX Info: Redefining \cdots on input line 620.
\Mathstrutbox@=\box53
\strutbox@=\box54
\big@size=\dimen155
LaTeX Font Info:    Redeclaring font encoding OML on input line 743.
LaTeX Font Info:    Redeclaring font encoding OMS on input line 744.
\macc@depth=\count404
\c@MaxMatrixCols=\count405
\dotsspace@=\muskip21
\c@parentequation=\count406
\dspbrk@lvl=\count407
\tag@help=\toks25
\row@=\count408
\column@=\count409
\maxfields@=\count410
\andhelp@=\toks26
\eqnshift@=\dimen156
\alignsep@=\dimen157
\tagshift@=\dimen158
\tagwidth@=\dimen159
\totwidth@=\dimen160
\lineht@=\dimen161
\@envbody=\toks27
\multlinegap=\skip72
\multlinetaggap=\skip73
\mathdisplay@stack=\toks28
LaTeX Info: Redefining \[ on input line 2938.
LaTeX Info: Redefining \] on input line 2939.
) (/usr/share/texmf-dist/tex/latex/was/gensymb.sty
Package: gensymb 2003/07/02 v1.0 (WaS)
) (/usr/share/texmf-dist/tex/latex/caption/caption.sty
Package: caption 2022/03/01 v3.6b Customizing captions (AR)
 (/usr/share/texmf-dist/tex/latex/caption/caption3.sty
Package: caption3 2022/03/17 v2.3b caption3 kernel (AR)
\caption@tempdima=\dimen162
\captionmargin=\dimen163
\caption@leftmargin=\dimen164
\caption@rightmargin=\dimen165
\caption@width=\dimen166
\caption@indent=\dimen167
\caption@parindent=\dimen168
\caption@hangindent=\dimen169
Package caption Info: Standard document class detected.
)
\c@caption@flags=\count411
\c@continuedfloat=\count412
) (/usr/share/texmf-dist/tex/latex/caption/subcaption.sty
Package: subcaption 2022/01/07 v1.5 Sub-captions (AR)
\c@subfigure=\count413
\c@subtable=\count414
) (/usr/share/texmf-dist/tex/latex/geometry/geometry.sty
Package: geometry 2020/01/02 v5.9 Page Geometry
 (/usr/share/texmf-dist/tex/generic/iftex/ifvtex.sty
Package: ifvtex 2019/10/25 v1.7 ifvtex legacy package. Use iftex instead.
)
\Gm@cnth=\count415
\Gm@cntv=\count416
\c@Gm@tempcnt=\count417
\Gm@bindingoffset=\dimen170
\Gm@wd@mp=\dimen171
\Gm@odd@mp=\dimen172
\Gm@even@mp=\dimen173
\Gm@layoutwidth=\dimen174
\Gm@layoutheight=\dimen175
\Gm@layouthoffset=\dimen176
\Gm@layoutvoffset=\dimen177
\Gm@dimlist=\toks29
)
\@quotelevel=\count418
\@quotereset=\count419
 (./MainDoc.aux)
\openout1 = `MainDoc.aux'.

LaTeX Font Info:    Checking defaults for OML/cmm/m/it on input line 18.
LaTeX Font Info:    ... okay on input line 18.
LaTeX Font Info:    Checking defaults for OMS/cmsy/m/n on input line 18.
LaTeX Font Info:    ... okay on input line 18.
LaTeX Font Info:    Checking defaults for OT1/cmr/m/n on input line 18.
LaTeX Font Info:    ... okay on input line 18.
LaTeX Font Info:    Checking defaults for T1/cmr/m/n on input line 18.
LaTeX Font Info:    ... okay on input line 18.
LaTeX Font Info:    Checking defaults for TS1/cmr/m/n on input line 18.
LaTeX Font Info:    ... okay on input line 18.
LaTeX Font Info:    Checking defaults for OMX/cmex/m/n on input line 18.
LaTeX Font Info:    ... okay on input line 18.
LaTeX Font Info:    Checking defaults for U/cmr/m/n on input line 18.
LaTeX Font Info:    ... okay on input line 18.
Package biblatex Info: Trying to load language 'english'...
Package biblatex Info: ... file 'english.lbx' found.
 (/usr/share/texmf-dist/tex/latex/biblatex/lbx/english.lbx
File: english.lbx 2022/02/02 v3.17 biblatex localization (PK/MW)
)
Package biblatex Info: Input encoding 'utf8' detected.
Package biblatex Info: Automatic encoding selection.
(biblatex)             Assuming data encoding 'utf8'.
\openout3 = `MainDoc.bcf'.

Package biblatex Info: Trying to load bibliographic data...
Package biblatex Info: ... file 'MainDoc.bbl' found.
 (./MainDoc.bbl)
Package biblatex Info: Reference section=0 on input line 18.
Package biblatex Info: Reference segment=0 on input line 18.
 (/usr/share/texmf-dist/tex/context/base/mkii/supp-pdf.mkii
[Loading MPS to PDF converter (version 2006.09.02).]
\scratchcounter=\count420
\scratchdimen=\dimen178
\scratchbox=\box55
\nofMPsegments=\count421
\nofMParguments=\count422
\everyMPshowfont=\toks30
\MPscratchCnt=\count423
\MPscratchDim=\dimen179
\MPnumerator=\count424
\makeMPintoPDFobject=\count425
\everyMPtoPDFconversion=\toks31
) (/usr/share/texmf-dist/tex/latex/epstopdf-pkg/epstopdf-base.sty
Package: epstopdf-base 2020-01-24 v2.11 Base part for package epstopdf
Package epstopdf-base Info: Redefining graphics rule for `.eps' on input line 485.
 (/usr/share/texmf-dist/tex/latex/latexconfig/epstopdf-sys.cfg
File: epstopdf-sys.cfg 2010/07/13 v1.3 Configuration of (r)epstopdf for TeX Live
))
LaTeX Info: Redefining \celsius on input line 18.
Package gensymb Info: Faking symbols for \degree and \celsius on input line 18.


Package gensymb Warning: Not defining \perthousand.

LaTeX Info: Redefining \ohm on input line 18.
Package gensymb Info: Using \Omega for \ohm on input line 18.

Package gensymb Warning: Not defining \micro.

Package caption Info: Begin \AtBeginDocument code.
Package caption Info: End \AtBeginDocument code.
*geometry* driver: auto-detecting
*geometry* detected driver: pdftex
*geometry* verbose mode - [ preamble ] result:
* driver: pdftex
* paper: <default>
* layout: <same size as paper>
* layoutoffset:(h,v)=(0.0pt,0.0pt)
* modes: 
* h-part:(L,W,R)=(72.26999pt, 469.75502pt, 72.26999pt)
* v-part:(T,H,B)=(72.26999pt, 650.43001pt, 72.26999pt)
* \paperwidth=614.295pt
* \paperheight=794.96999pt
* \textwidth=469.75502pt
* \textheight=650.43001pt
* \oddsidemargin=0.0pt
* \evensidemargin=0.0pt
* \topmargin=-37.0pt
* \headheight=12.0pt
* \headsep=25.0pt
* \topskip=12.0pt
* \footskip=30.0pt
* \marginparwidth=44.0pt
* \marginparsep=10.0pt
* \columnsep=10.0pt
* \skip\footins=10.8pt plus 4.0pt minus 2.0pt
* \hoffset=0.0pt
* \voffset=0.0pt
* \mag=1000
* \@twocolumnfalse
* \@twosidefalse
* \@mparswitchfalse
* \@reversemarginfalse
* (1in=72.27pt=25.4mm, 1cm=28.453pt)

[1

{/var/lib/texmf/fonts/map/pdftex/updmap/pdftex.map}]
Underfull \hbox (badness 10000) in paragraph at lines 28--29

 []


Underfull \hbox (badness 10000) in paragraph at lines 39--40

 []


Underfull \hbox (badness 10000) in paragraph at lines 41--42

 []


Underfull \hbox (badness 10000) in paragraph at lines 44--50

 []

[1]
Underfull \hbox (badness 10000) in paragraph at lines 52--53

 []

[2]
Underfull \hbox (badness 10000) in paragraph at lines 87--89

 []

[3]

LaTeX Warning: No positions in optional float specifier.
               Default added (so using `tbp') on input line 122.


Underfull \hbox (badness 10000) in paragraph at lines 140--141

 []

[4] [5] [6]
Overfull \hbox (20.43794pt too wide) in paragraph at lines 200--200
[]\OT1/cmr/m/n/12 Poli, M. \OT1/cmr/m/it/12 et al. \OT1/cmr/m/n/12 Graph neu-ral or-di-nary dif-fer-en-tial equa-tions. \OT1/cmr/m/it/12 arXiv preprint arXiv:1911.07532
 []


Overfull \hbox (86.76627pt too wide) in paragraph at lines 200--200
\OT1/cmr/m/n/12 17442. $\OT1/cmtt/m/n/12 https : / / proceedings . neurips . cc / paper / 2020 / file / c9f2f917078bd2db12f23c3b413d9cba -[]
 []

[7] [8] (./MainDoc.aux)
Package logreq Info: Writing requests to 'MainDoc.run.xml'.
\openout1 = `MainDoc.run.xml'.

 ) 
Here is how much of TeX's memory you used:
 14727 strings out of 478238
 284051 string characters out of 5850455
 1017578 words of memory out of 5000000
 32776 multiletter control sequences out of 15000+600000
 475351 words of font info for 49 fonts, out of 8000000 for 9000
 1141 hyphenation exceptions out of 8191
 94i,9n,92p,3894b,1250s stack positions out of 5000i,500n,10000p,200000b,80000s
</usr/share/texmf-dist/fonts/type1/public/amsfonts/cm/cmbx12.pfb></usr/share/texmf-dist/fonts/type1/public/amsfonts/cm/cmcsc10.pfb></usr/share/texmf-dist/fonts/type1/public/amsfonts/cm/cmex10.pfb></usr/share/texmf-dist/fonts/type1/public/amsfonts/cm/cmmi12.pfb></usr/share/texmf-dist/fonts/type1/public/amsfonts/cm/cmmi8.pfb></usr/share/texmf-dist/fonts/type1/public/amsfonts/cm/cmr12.pfb></usr/share/texmf-dist/fonts/type1/public/amsfonts/cm/cmr8.pfb></usr/share/texmf-dist/fonts/type1/public/amsfonts/cm/cmsy10.pfb></usr/share/texmf-dist/fonts/type1/public/amsfonts/cm/cmsy8.pfb></usr/share/texmf-dist/fonts/type1/public/amsfonts/cm/cmti12.pfb></usr/share/texmf-dist/fonts/type1/public/amsfonts/cm/cmtt12.pfb>
Output written on MainDoc.pdf (9 pages, 152793 bytes).
PDF statistics:
 92 PDF objects out of 1000 (max. 8388607)
 58 compressed objects within 1 object stream
 0 named destinations out of 1000 (max. 500000)
 13 words of extra memory for PDF output out of 10000 (max. 10000000)

