This is pdfTeX, Version 3.141592653-2.6-1.40.24 (TeX Live 2022/Arch Linux) (preloaded format=pdflatex 2022.11.23)  6 APR 2023 09:42
entering extended mode
 restricted \write18 enabled.
 file:line:error style messages enabled.
 %&-line parsing enabled.
**"/home/stirling/Documents/thesis/Conference Submission/DraftDoc.tex"
(/home/stirling/Documents/thesis/Conference Submission/DraftDoc.tex
LaTeX2e <2021-11-15> patch level 1
L3 programming layer <2022-04-10> (/usr/share/texmf-dist/tex/latex/amscls/amsart.cls
Document Class: amsart 2020/05/29 v2.20.6
\linespacing=\dimen138
\normalparindent=\dimen139
\normaltopskip=\skip47
(/usr/share/texmf-dist/tex/latex/amsmath/amsmath.sty
Package: amsmath 2021/10/15 v2.17l AMS math features
\@mathmargin=\skip48

For additional information on amsmath, use the `?' option.
(/usr/share/texmf-dist/tex/latex/amsmath/amstext.sty
Package: amstext 2021/08/26 v2.01 AMS text
 (/usr/share/texmf-dist/tex/latex/amsmath/amsgen.sty
File: amsgen.sty 1999/11/30 v2.0 generic functions
\@emptytoks=\toks16
\ex@=\dimen140
)) (/usr/share/texmf-dist/tex/latex/amsmath/amsbsy.sty
Package: amsbsy 1999/11/29 v1.2d Bold Symbols
\pmbraise@=\dimen141
) (/usr/share/texmf-dist/tex/latex/amsmath/amsopn.sty
Package: amsopn 2021/08/26 v2.02 operator names
)
\inf@bad=\count185
LaTeX Info: Redefining \frac on input line 234.
\uproot@=\count186
\leftroot@=\count187
LaTeX Info: Redefining \overline on input line 399.
\classnum@=\count188
\DOTSCASE@=\count189
LaTeX Info: Redefining \ldots on input line 496.
LaTeX Info: Redefining \dots on input line 499.
LaTeX Info: Redefining \cdots on input line 620.
\Mathstrutbox@=\box50
\strutbox@=\box51
\big@size=\dimen142
LaTeX Font Info:    Redeclaring font encoding OML on input line 743.
LaTeX Font Info:    Redeclaring font encoding OMS on input line 744.
\macc@depth=\count190
\c@MaxMatrixCols=\count191
\dotsspace@=\muskip16
\c@parentequation=\count192
\dspbrk@lvl=\count193
\tag@help=\toks17
\row@=\count194
\column@=\count195
\maxfields@=\count196
\andhelp@=\toks18
\eqnshift@=\dimen143
\alignsep@=\dimen144
\tagshift@=\dimen145
\tagwidth@=\dimen146
\totwidth@=\dimen147
\lineht@=\dimen148
\@envbody=\toks19
\multlinegap=\skip49
\multlinetaggap=\skip50
\mathdisplay@stack=\toks20
LaTeX Info: Redefining \[ on input line 2938.
LaTeX Info: Redefining \] on input line 2939.
)
LaTeX Font Info:    Trying to load font information for U+msa on input line 397.
 (/usr/share/texmf-dist/tex/latex/amsfonts/umsa.fd
File: umsa.fd 2013/01/14 v3.01 AMS symbols A
) (/usr/share/texmf-dist/tex/latex/amsfonts/amsfonts.sty
Package: amsfonts 2013/01/14 v3.01 Basic AMSFonts support
\symAMSa=\mathgroup4
\symAMSb=\mathgroup5
LaTeX Font Info:    Redeclaring math symbol \hbar on input line 98.
LaTeX Font Info:    Overwriting math alphabet `\mathfrak' in version `bold'
(Font)                  U/euf/m/n --> U/euf/b/n on input line 106.
)
\copyins=\insert199
\abstractbox=\box52
\listisep=\skip51
\c@part=\count197
\c@section=\count198
\c@subsection=\count266
\c@subsubsection=\count267
\c@paragraph=\count268
\c@subparagraph=\count269
\c@figure=\count270
\c@table=\count271
\abovecaptionskip=\skip52
\belowcaptionskip=\skip53
\captionindent=\dimen149
\thm@style=\toks21
\thm@bodyfont=\toks22
\thm@headfont=\toks23
\thm@notefont=\toks24
\thm@headpunct=\toks25
\thm@preskip=\skip54
\thm@postskip=\skip55
\thm@headsep=\skip56
\dth@everypar=\toks26
) (/usr/share/texmf-dist/tex/latex/base/inputenc.sty
Package: inputenc 2021/02/14 v1.3d Input encoding file
\inpenc@prehook=\toks27
\inpenc@posthook=\toks28
) (/usr/share/texmf-dist/tex/latex/biblatex/biblatex.sty
Package: biblatex 2022/02/02 v3.17 programmable bibliographies (PK/MW)
 (/usr/share/texmf-dist/tex/generic/pdftexcmds/pdftexcmds.sty
Package: pdftexcmds 2020-06-27 v0.33 Utility functions of pdfTeX for LuaTeX (HO)
 (/usr/share/texmf-dist/tex/generic/infwarerr/infwarerr.sty
Package: infwarerr 2019/12/03 v1.5 Providing info/warning/error messages (HO)
) (/usr/share/texmf-dist/tex/generic/iftex/iftex.sty
Package: iftex 2022/02/03 v1.0f TeX engine tests
) (/usr/share/texmf-dist/tex/generic/ltxcmds/ltxcmds.sty
Package: ltxcmds 2020-05-10 v1.25 LaTeX kernel commands for general use (HO)
)
Package pdftexcmds Info: \pdf@primitive is available.
Package pdftexcmds Info: \pdf@ifprimitive is available.
Package pdftexcmds Info: \pdfdraftmode found.
) (/usr/share/texmf-dist/tex/latex/etoolbox/etoolbox.sty
Package: etoolbox 2020/10/05 v2.5k e-TeX tools for LaTeX (JAW)
\etb@tempcnta=\count272
) (/usr/share/texmf-dist/tex/latex/graphics/keyval.sty
Package: keyval 2014/10/28 v1.15 key=value parser (DPC)
\KV@toks@=\toks29
) (/usr/share/texmf-dist/tex/latex/kvoptions/kvoptions.sty
Package: kvoptions 2020-10-07 v3.14 Key value format for package options (HO)
 (/usr/share/texmf-dist/tex/generic/kvsetkeys/kvsetkeys.sty
Package: kvsetkeys 2019/12/15 v1.18 Key value parser (HO)
)) (/usr/share/texmf-dist/tex/latex/logreq/logreq.sty
Package: logreq 2010/08/04 v1.0 xml request logger
\lrq@indent=\count273
 (/usr/share/texmf-dist/tex/latex/logreq/logreq.def
File: logreq.def 2010/08/04 v1.0 logreq spec v1.0
)) (/usr/share/texmf-dist/tex/latex/base/ifthen.sty
Package: ifthen 2020/11/24 v1.1c Standard LaTeX ifthen package (DPC)
) (/usr/share/texmf-dist/tex/latex/url/url.sty
\Urlmuskip=\muskip17
Package: url 2013/09/16  ver 3.4  Verb mode for urls, etc.
)
\c@tabx@nest=\count274
\c@listtotal=\count275
\c@listcount=\count276
\c@liststart=\count277
\c@liststop=\count278
\c@citecount=\count279
\c@citetotal=\count280
\c@multicitecount=\count281
\c@multicitetotal=\count282
\c@instcount=\count283
\c@maxnames=\count284
\c@minnames=\count285
\c@maxitems=\count286
\c@minitems=\count287
\c@citecounter=\count288
\c@maxcitecounter=\count289
\c@savedcitecounter=\count290
\c@uniquelist=\count291
\c@uniquename=\count292
\c@refsection=\count293
\c@refsegment=\count294
\c@maxextratitle=\count295
\c@maxextratitleyear=\count296
\c@maxextraname=\count297
\c@maxextradate=\count298
\c@maxextraalpha=\count299
\c@abbrvpenalty=\count300
\c@highnamepenalty=\count301
\c@lownamepenalty=\count302
\c@maxparens=\count303
\c@parenlevel=\count304
\blx@tempcnta=\count305
\blx@tempcntb=\count306
\blx@tempcntc=\count307
\c@blx@maxsection=\count308
\c@blx@maxsegment@0=\count309
\blx@notetype=\count310
\blx@parenlevel@text=\count311
\blx@parenlevel@foot=\count312
\c@blx@sectionciteorder@0=\count313
\blx@entrysetcounter=\count314
\blx@biblioinstance=\count315
\labelnumberwidth=\skip57
\labelalphawidth=\skip58
\biblabelsep=\skip59
\bibitemsep=\skip60
\bibnamesep=\skip61
\bibinitsep=\skip62
\bibparsep=\skip63
\bibhang=\skip64
\blx@bcfin=\read2
\blx@bcfout=\write3
\blx@langwohyphens=\language87
\c@mincomprange=\count316
\c@maxcomprange=\count317
\c@mincompwidth=\count318
Package biblatex Info: Trying to load biblatex default data model...
Package biblatex Info: ... file 'blx-dm.def' found.
 (/usr/share/texmf-dist/tex/latex/biblatex/blx-dm.def
File: blx-dm.def 2022/02/02 v3.17 biblatex localization (PK/MW)
)
Package biblatex Info: Trying to load biblatex style data model...
Package biblatex Info: ... file 'nature.dbx' not found.
Package biblatex Info: Trying to load biblatex custom data model...
Package biblatex Info: ... file 'biblatex-dm.cfg' not found.
\c@afterword=\count319
\c@savedafterword=\count320
\c@annotator=\count321
\c@savedannotator=\count322
\c@author=\count323
\c@savedauthor=\count324
\c@bookauthor=\count325
\c@savedbookauthor=\count326
\c@commentator=\count327
\c@savedcommentator=\count328
\c@editor=\count329
\c@savededitor=\count330
\c@editora=\count331
\c@savededitora=\count332
\c@editorb=\count333
\c@savededitorb=\count334
\c@editorc=\count335
\c@savededitorc=\count336
\c@foreword=\count337
\c@savedforeword=\count338
\c@holder=\count339
\c@savedholder=\count340
\c@introduction=\count341
\c@savedintroduction=\count342
\c@namea=\count343
\c@savednamea=\count344
\c@nameb=\count345
\c@savednameb=\count346
\c@namec=\count347
\c@savednamec=\count348
\c@translator=\count349
\c@savedtranslator=\count350
\c@shortauthor=\count351
\c@savedshortauthor=\count352
\c@shorteditor=\count353
\c@savedshorteditor=\count354
\c@labelname=\count355
\c@savedlabelname=\count356
\c@institution=\count357
\c@savedinstitution=\count358
\c@lista=\count359
\c@savedlista=\count360
\c@listb=\count361
\c@savedlistb=\count362
\c@listc=\count363
\c@savedlistc=\count364
\c@listd=\count365
\c@savedlistd=\count366
\c@liste=\count367
\c@savedliste=\count368
\c@listf=\count369
\c@savedlistf=\count370
\c@location=\count371
\c@savedlocation=\count372
\c@organization=\count373
\c@savedorganization=\count374
\c@origlocation=\count375
\c@savedoriglocation=\count376
\c@origpublisher=\count377
\c@savedorigpublisher=\count378
\c@publisher=\count379
\c@savedpublisher=\count380
\c@language=\count381
\c@savedlanguage=\count382
\c@origlanguage=\count383
\c@savedoriglanguage=\count384
\c@pageref=\count385
\c@savedpageref=\count386
\shorthandwidth=\skip65
\shortjournalwidth=\skip66
\shortserieswidth=\skip67
\shorttitlewidth=\skip68
\shortauthorwidth=\skip69
\shorteditorwidth=\skip70
\locallabelnumberwidth=\skip71
\locallabelalphawidth=\skip72
\localshorthandwidth=\skip73
\localshortjournalwidth=\skip74
\localshortserieswidth=\skip75
\localshorttitlewidth=\skip76
\localshortauthorwidth=\skip77
\localshorteditorwidth=\skip78
Package biblatex Info: Trying to load compatibility code...
Package biblatex Info: ... file 'blx-compat.def' found.
 (/usr/share/texmf-dist/tex/latex/biblatex/blx-compat.def
File: blx-compat.def 2022/02/02 v3.17 biblatex compatibility (PK/MW)
)
Package biblatex Info: Trying to load generic definitions...
Package biblatex Info: ... file 'biblatex.def' found.
 (/usr/share/texmf-dist/tex/latex/biblatex/biblatex.def
File: biblatex.def 2022/02/02 v3.17 biblatex compatibility (PK/MW)
\c@textcitecount=\count387
\c@textcitetotal=\count388
\c@textcitemaxnames=\count389
\c@biburlbigbreakpenalty=\count390
\c@biburlbreakpenalty=\count391
\c@biburlnumpenalty=\count392
\c@biburlucpenalty=\count393
\c@biburllcpenalty=\count394
\biburlbigskip=\muskip18
\biburlnumskip=\muskip19
\biburlucskip=\muskip20
\biburllcskip=\muskip21
\c@smartand=\count395
)
Package biblatex Info: Trying to load bibliography style 'nature'...
Package biblatex Info: ... file 'nature.bbx' found.
 (/usr/share/texmf-dist/tex/latex/biblatex-nature/nature.bbx
File: nature.bbx 2020/12/30 v1.3d biblatex bibliography style
Package biblatex Info: Trying to load bibliography style 'numeric-comp'...
Package biblatex Info: ... file 'numeric-comp.bbx' found.
 (/usr/share/texmf-dist/tex/latex/biblatex/bbx/numeric-comp.bbx
File: numeric-comp.bbx 2022/02/02 v3.17 biblatex bibliography style (PK/MW)
Package biblatex Info: Trying to load bibliography style 'numeric'...
Package biblatex Info: ... file 'numeric.bbx' found.
 (/usr/share/texmf-dist/tex/latex/biblatex/bbx/numeric.bbx
File: numeric.bbx 2022/02/02 v3.17 biblatex bibliography style (PK/MW)
Package biblatex Info: Trying to load bibliography style 'standard'...
Package biblatex Info: ... file 'standard.bbx' found.
 (/usr/share/texmf-dist/tex/latex/biblatex/bbx/standard.bbx
File: standard.bbx 2022/02/02 v3.17 biblatex bibliography style (PK/MW)
\c@bbx:relatedcount=\count396
\c@bbx:relatedtotal=\count397
))))
Package biblatex Info: Trying to load citation style 'nature'...
Package biblatex Info: ... file 'nature.cbx' found.
 (/usr/share/texmf-dist/tex/latex/biblatex-nature/nature.cbx
File: nature.cbx 2020/12/30 v1.3d biblatex citation style
Package biblatex Info: Trying to load citation style 'numeric-comp'...
Package biblatex Info: ... file 'numeric-comp.cbx' found.
 (/usr/share/texmf-dist/tex/latex/biblatex/cbx/numeric-comp.cbx
File: numeric-comp.cbx 2022/02/02 v3.17 biblatex citation style (PK/MW)
\c@cbx@tempcnta=\count398
\c@cbx@tempcntb=\count399
\c@cbx@tempcntc=\count400
\c@cbx@tempcntd=\count401
Package biblatex Info: Redefining '\cite'.
Package biblatex Info: Redefining '\parencite'.
Package biblatex Info: Redefining '\footcite'.
Package biblatex Info: Redefining '\footcitetext'.
Package biblatex Info: Redefining '\smartcite'.
Package biblatex Info: Redefining '\supercite'.
Package biblatex Info: Redefining '\textcite'.
Package biblatex Info: Redefining '\textcites'.
Package biblatex Info: Redefining '\cites'.
Package biblatex Info: Redefining '\parencites'.
Package biblatex Info: Redefining '\smartcites'.
))
Package biblatex Info: Trying to load configuration file...
Package biblatex Info: ... file 'biblatex.cfg' found.
 (/usr/share/texmf-dist/tex/latex/biblatex/biblatex.cfg
File: biblatex.cfg 
)
Package biblatex Info: Input encoding 'utf8' detected.
Package biblatex Info: Document encoding is UTF8 ....
 (/usr/share/texmf-dist/tex/latex/l3kernel/expl3.sty
Package: expl3 2022-04-10 L3 programming layer (loader) 
 (/usr/share/texmf-dist/tex/latex/l3backend/l3backend-pdftex.def
File: l3backend-pdftex.def 2022-04-14 L3 backend support: PDF output (pdfTeX)
\l__color_backend_stack_int=\count402
\l__pdf_internal_box=\box53
))
Package biblatex Info: ... and expl3
(biblatex)             2022-04-10 L3 programming layer (loader) 
(biblatex)             is new enough (at least 2020/04/06),
(biblatex)             setting 'casechanger=expl3'.
 (/usr/share/texmf-dist/tex/latex/biblatex/blx-case-expl3.sty (/usr/share/texmf-dist/tex/latex/l3packages/xparse/xparse.sty
Package: xparse 2022-01-12 L3 Experimental document command parser
)
Package: blx-case-expl3 2022/02/02 v3.17 expl3 case changing code for biblatex
)) (/usr/share/texmf-dist/tex/latex/amsfonts/amssymb.sty
Package: amssymb 2013/01/14 v3.01 AMS font symbols
) (/usr/share/texmf-dist/tex/latex/pgf/frontendlayer/tikz.sty (/usr/share/texmf-dist/tex/latex/pgf/basiclayer/pgf.sty (/usr/share/texmf-dist/tex/latex/pgf/utilities/pgfrcs.sty (/usr/share/texmf-dist/tex/generic/pgf/utilities/pgfutil-common.tex
\pgfutil@everybye=\toks30
\pgfutil@tempdima=\dimen150
\pgfutil@tempdimb=\dimen151
 (/usr/share/texmf-dist/tex/generic/pgf/utilities/pgfutil-common-lists.tex)) (/usr/share/texmf-dist/tex/generic/pgf/utilities/pgfutil-latex.def
\pgfutil@abb=\box54
) (/usr/share/texmf-dist/tex/generic/pgf/utilities/pgfrcs.code.tex (/usr/share/texmf-dist/tex/generic/pgf/pgf.revision.tex)
Package: pgfrcs 2021/05/15 v3.1.9a (3.1.9a)
))
Package: pgf 2021/05/15 v3.1.9a (3.1.9a)
 (/usr/share/texmf-dist/tex/latex/pgf/basiclayer/pgfcore.sty (/usr/share/texmf-dist/tex/latex/graphics/graphicx.sty
Package: graphicx 2021/09/16 v1.2d Enhanced LaTeX Graphics (DPC,SPQR)
 (/usr/share/texmf-dist/tex/latex/graphics/graphics.sty
Package: graphics 2021/03/04 v1.4d Standard LaTeX Graphics (DPC,SPQR)
 (/usr/share/texmf-dist/tex/latex/graphics/trig.sty
Package: trig 2021/08/11 v1.11 sin cos tan (DPC)
) (/usr/share/texmf-dist/tex/latex/graphics-cfg/graphics.cfg
File: graphics.cfg 2016/06/04 v1.11 sample graphics configuration
)
Package graphics Info: Driver file: pdftex.def on input line 107.
 (/usr/share/texmf-dist/tex/latex/graphics-def/pdftex.def
File: pdftex.def 2020/10/05 v1.2a Graphics/color driver for pdftex
))
\Gin@req@height=\dimen152
\Gin@req@width=\dimen153
) (/usr/share/texmf-dist/tex/latex/pgf/systemlayer/pgfsys.sty (/usr/share/texmf-dist/tex/generic/pgf/systemlayer/pgfsys.code.tex
Package: pgfsys 2021/05/15 v3.1.9a (3.1.9a)
 (/usr/share/texmf-dist/tex/generic/pgf/utilities/pgfkeys.code.tex
\pgfkeys@pathtoks=\toks31
\pgfkeys@temptoks=\toks32
 (/usr/share/texmf-dist/tex/generic/pgf/utilities/pgfkeysfiltered.code.tex
\pgfkeys@tmptoks=\toks33
))
\pgf@x=\dimen154
\pgf@y=\dimen155
\pgf@xa=\dimen156
\pgf@ya=\dimen157
\pgf@xb=\dimen158
\pgf@yb=\dimen159
\pgf@xc=\dimen160
\pgf@yc=\dimen161
\pgf@xd=\dimen162
\pgf@yd=\dimen163
\w@pgf@writea=\write4
\r@pgf@reada=\read3
\c@pgf@counta=\count403
\c@pgf@countb=\count404
\c@pgf@countc=\count405
\c@pgf@countd=\count406
\t@pgf@toka=\toks34
\t@pgf@tokb=\toks35
\t@pgf@tokc=\toks36
\pgf@sys@id@count=\count407
 (/usr/share/texmf-dist/tex/generic/pgf/systemlayer/pgf.cfg
File: pgf.cfg 2021/05/15 v3.1.9a (3.1.9a)
)
Driver file for pgf: pgfsys-pdftex.def
 (/usr/share/texmf-dist/tex/generic/pgf/systemlayer/pgfsys-pdftex.def
File: pgfsys-pdftex.def 2021/05/15 v3.1.9a (3.1.9a)
 (/usr/share/texmf-dist/tex/generic/pgf/systemlayer/pgfsys-common-pdf.def
File: pgfsys-common-pdf.def 2021/05/15 v3.1.9a (3.1.9a)
))) (/usr/share/texmf-dist/tex/generic/pgf/systemlayer/pgfsyssoftpath.code.tex
File: pgfsyssoftpath.code.tex 2021/05/15 v3.1.9a (3.1.9a)
\pgfsyssoftpath@smallbuffer@items=\count408
\pgfsyssoftpath@bigbuffer@items=\count409
) (/usr/share/texmf-dist/tex/generic/pgf/systemlayer/pgfsysprotocol.code.tex
File: pgfsysprotocol.code.tex 2021/05/15 v3.1.9a (3.1.9a)
)) (/usr/share/texmf-dist/tex/latex/xcolor/xcolor.sty
Package: xcolor 2021/10/31 v2.13 LaTeX color extensions (UK)
 (/usr/share/texmf-dist/tex/latex/graphics-cfg/color.cfg
File: color.cfg 2016/01/02 v1.6 sample color configuration
)
Package xcolor Info: Driver file: pdftex.def on input line 227.
Package xcolor Info: Model `cmy' substituted by `cmy0' on input line 1352.
Package xcolor Info: Model `hsb' substituted by `rgb' on input line 1356.
Package xcolor Info: Model `RGB' extended on input line 1368.
Package xcolor Info: Model `HTML' substituted by `rgb' on input line 1370.
Package xcolor Info: Model `Hsb' substituted by `hsb' on input line 1371.
Package xcolor Info: Model `tHsb' substituted by `hsb' on input line 1372.
Package xcolor Info: Model `HSB' substituted by `hsb' on input line 1373.
Package xcolor Info: Model `Gray' substituted by `gray' on input line 1374.
Package xcolor Info: Model `wave' substituted by `hsb' on input line 1375.
) (/usr/share/texmf-dist/tex/generic/pgf/basiclayer/pgfcore.code.tex
Package: pgfcore 2021/05/15 v3.1.9a (3.1.9a)
 (/usr/share/texmf-dist/tex/generic/pgf/math/pgfmath.code.tex (/usr/share/texmf-dist/tex/generic/pgf/math/pgfmathcalc.code.tex (/usr/share/texmf-dist/tex/generic/pgf/math/pgfmathutil.code.tex) (/usr/share/texmf-dist/tex/generic/pgf/math/pgfmathparser.code.tex
\pgfmath@dimen=\dimen164
\pgfmath@count=\count410
\pgfmath@box=\box55
\pgfmath@toks=\toks37
\pgfmath@stack@operand=\toks38
\pgfmath@stack@operation=\toks39
) (/usr/share/texmf-dist/tex/generic/pgf/math/pgfmathfunctions.code.tex (/usr/share/texmf-dist/tex/generic/pgf/math/pgfmathfunctions.basic.code.tex) (/usr/share/texmf-dist/tex/generic/pgf/math/pgfmathfunctions.trigonometric.code.tex) (/usr/share/texmf-dist/tex/generic/pgf/math/pgfmathfunctions.random.code.tex) (/usr/share/texmf-dist/tex/generic/pgf/math/pgfmathfunctions.comparison.code.tex) (/usr/share/texmf-dist/tex/generic/pgf/math/pgfmathfunctions.base.code.tex) (/usr/share/texmf-dist/tex/generic/pgf/math/pgfmathfunctions.round.code.tex) (/usr/share/texmf-dist/tex/generic/pgf/math/pgfmathfunctions.misc.code.tex) (/usr/share/texmf-dist/tex/generic/pgf/math/pgfmathfunctions.integerarithmetics.code.tex))) (/usr/share/texmf-dist/tex/generic/pgf/math/pgfmathfloat.code.tex
\c@pgfmathroundto@lastzeros=\count411
)) (/usr/share/texmf-dist/tex/generic/pgf/math/pgfint.code.tex) (/usr/share/texmf-dist/tex/generic/pgf/basiclayer/pgfcorepoints.code.tex
File: pgfcorepoints.code.tex 2021/05/15 v3.1.9a (3.1.9a)
\pgf@picminx=\dimen165
\pgf@picmaxx=\dimen166
\pgf@picminy=\dimen167
\pgf@picmaxy=\dimen168
\pgf@pathminx=\dimen169
\pgf@pathmaxx=\dimen170
\pgf@pathminy=\dimen171
\pgf@pathmaxy=\dimen172
\pgf@xx=\dimen173
\pgf@xy=\dimen174
\pgf@yx=\dimen175
\pgf@yy=\dimen176
\pgf@zx=\dimen177
\pgf@zy=\dimen178
) (/usr/share/texmf-dist/tex/generic/pgf/basiclayer/pgfcorepathconstruct.code.tex
File: pgfcorepathconstruct.code.tex 2021/05/15 v3.1.9a (3.1.9a)
\pgf@path@lastx=\dimen179
\pgf@path@lasty=\dimen180
) (/usr/share/texmf-dist/tex/generic/pgf/basiclayer/pgfcorepathusage.code.tex
File: pgfcorepathusage.code.tex 2021/05/15 v3.1.9a (3.1.9a)
\pgf@shorten@end@additional=\dimen181
\pgf@shorten@start@additional=\dimen182
) (/usr/share/texmf-dist/tex/generic/pgf/basiclayer/pgfcorescopes.code.tex
File: pgfcorescopes.code.tex 2021/05/15 v3.1.9a (3.1.9a)
\pgfpic=\box56
\pgf@hbox=\box57
\pgf@layerbox@main=\box58
\pgf@picture@serial@count=\count412
) (/usr/share/texmf-dist/tex/generic/pgf/basiclayer/pgfcoregraphicstate.code.tex
File: pgfcoregraphicstate.code.tex 2021/05/15 v3.1.9a (3.1.9a)
\pgflinewidth=\dimen183
) (/usr/share/texmf-dist/tex/generic/pgf/basiclayer/pgfcoretransformations.code.tex
File: pgfcoretransformations.code.tex 2021/05/15 v3.1.9a (3.1.9a)
\pgf@pt@x=\dimen184
\pgf@pt@y=\dimen185
\pgf@pt@temp=\dimen186
) (/usr/share/texmf-dist/tex/generic/pgf/basiclayer/pgfcorequick.code.tex
File: pgfcorequick.code.tex 2021/05/15 v3.1.9a (3.1.9a)
) (/usr/share/texmf-dist/tex/generic/pgf/basiclayer/pgfcoreobjects.code.tex
File: pgfcoreobjects.code.tex 2021/05/15 v3.1.9a (3.1.9a)
) (/usr/share/texmf-dist/tex/generic/pgf/basiclayer/pgfcorepathprocessing.code.tex
File: pgfcorepathprocessing.code.tex 2021/05/15 v3.1.9a (3.1.9a)
) (/usr/share/texmf-dist/tex/generic/pgf/basiclayer/pgfcorearrows.code.tex
File: pgfcorearrows.code.tex 2021/05/15 v3.1.9a (3.1.9a)
\pgfarrowsep=\dimen187
) (/usr/share/texmf-dist/tex/generic/pgf/basiclayer/pgfcoreshade.code.tex
File: pgfcoreshade.code.tex 2021/05/15 v3.1.9a (3.1.9a)
\pgf@max=\dimen188
\pgf@sys@shading@range@num=\count413
\pgf@shadingcount=\count414
) (/usr/share/texmf-dist/tex/generic/pgf/basiclayer/pgfcoreimage.code.tex
File: pgfcoreimage.code.tex 2021/05/15 v3.1.9a (3.1.9a)
 (/usr/share/texmf-dist/tex/generic/pgf/basiclayer/pgfcoreexternal.code.tex
File: pgfcoreexternal.code.tex 2021/05/15 v3.1.9a (3.1.9a)
\pgfexternal@startupbox=\box59
)) (/usr/share/texmf-dist/tex/generic/pgf/basiclayer/pgfcorelayers.code.tex
File: pgfcorelayers.code.tex 2021/05/15 v3.1.9a (3.1.9a)
) (/usr/share/texmf-dist/tex/generic/pgf/basiclayer/pgfcoretransparency.code.tex
File: pgfcoretransparency.code.tex 2021/05/15 v3.1.9a (3.1.9a)
) (/usr/share/texmf-dist/tex/generic/pgf/basiclayer/pgfcorepatterns.code.tex
File: pgfcorepatterns.code.tex 2021/05/15 v3.1.9a (3.1.9a)
) (/usr/share/texmf-dist/tex/generic/pgf/basiclayer/pgfcorerdf.code.tex
File: pgfcorerdf.code.tex 2021/05/15 v3.1.9a (3.1.9a)
))) (/usr/share/texmf-dist/tex/generic/pgf/modules/pgfmoduleshapes.code.tex
File: pgfmoduleshapes.code.tex 2021/05/15 v3.1.9a (3.1.9a)
\pgfnodeparttextbox=\box60
) (/usr/share/texmf-dist/tex/generic/pgf/modules/pgfmoduleplot.code.tex
File: pgfmoduleplot.code.tex 2021/05/15 v3.1.9a (3.1.9a)
) (/usr/share/texmf-dist/tex/latex/pgf/compatibility/pgfcomp-version-0-65.sty
Package: pgfcomp-version-0-65 2021/05/15 v3.1.9a (3.1.9a)
\pgf@nodesepstart=\dimen189
\pgf@nodesepend=\dimen190
) (/usr/share/texmf-dist/tex/latex/pgf/compatibility/pgfcomp-version-1-18.sty
Package: pgfcomp-version-1-18 2021/05/15 v3.1.9a (3.1.9a)
)) (/usr/share/texmf-dist/tex/latex/pgf/utilities/pgffor.sty (/usr/share/texmf-dist/tex/latex/pgf/utilities/pgfkeys.sty (/usr/share/texmf-dist/tex/generic/pgf/utilities/pgfkeys.code.tex)) (/usr/share/texmf-dist/tex/latex/pgf/math/pgfmath.sty (/usr/share/texmf-dist/tex/generic/pgf/math/pgfmath.code.tex)) (/usr/share/texmf-dist/tex/generic/pgf/utilities/pgffor.code.tex
Package: pgffor 2021/05/15 v3.1.9a (3.1.9a)
 (/usr/share/texmf-dist/tex/generic/pgf/math/pgfmath.code.tex)
\pgffor@iter=\dimen191
\pgffor@skip=\dimen192
\pgffor@stack=\toks40
\pgffor@toks=\toks41
)) (/usr/share/texmf-dist/tex/generic/pgf/frontendlayer/tikz/tikz.code.tex
Package: tikz 2021/05/15 v3.1.9a (3.1.9a)
 (/usr/share/texmf-dist/tex/generic/pgf/libraries/pgflibraryplothandlers.code.tex
File: pgflibraryplothandlers.code.tex 2021/05/15 v3.1.9a (3.1.9a)
\pgf@plot@mark@count=\count415
\pgfplotmarksize=\dimen193
)
\tikz@lastx=\dimen194
\tikz@lasty=\dimen195
\tikz@lastxsaved=\dimen196
\tikz@lastysaved=\dimen197
\tikz@lastmovetox=\dimen198
\tikz@lastmovetoy=\dimen256
\tikzleveldistance=\dimen257
\tikzsiblingdistance=\dimen258
\tikz@figbox=\box61
\tikz@figbox@bg=\box62
\tikz@tempbox=\box63
\tikz@tempbox@bg=\box64
\tikztreelevel=\count416
\tikznumberofchildren=\count417
\tikznumberofcurrentchild=\count418
\tikz@fig@count=\count419
 (/usr/share/texmf-dist/tex/generic/pgf/modules/pgfmodulematrix.code.tex
File: pgfmodulematrix.code.tex 2021/05/15 v3.1.9a (3.1.9a)
\pgfmatrixcurrentrow=\count420
\pgfmatrixcurrentcolumn=\count421
\pgf@matrix@numberofcolumns=\count422
)
\tikz@expandcount=\count423
 (/usr/share/texmf-dist/tex/generic/pgf/frontendlayer/tikz/libraries/tikzlibrarytopaths.code.tex
File: tikzlibrarytopaths.code.tex 2021/05/15 v3.1.9a (3.1.9a)
))) (/usr/share/texmf-dist/tex/latex/standalone/standalone.sty
Package: standalone 2018/03/26 v1.3a Package to include TeX sub-files with preambles
 (/usr/share/texmf-dist/tex/latex/tools/shellesc.sty
Package: shellesc 2019/11/08 v1.0c unified shell escape interface for LaTeX
Package shellesc Info: Restricted shell escape enabled on input line 77.
) (/usr/share/texmf-dist/tex/latex/xkeyval/xkeyval.sty
Package: xkeyval 2020/11/20 v2.8 package option processing (HA)
 (/usr/share/texmf-dist/tex/generic/xkeyval/xkeyval.tex (/usr/share/texmf-dist/tex/generic/xkeyval/xkvutils.tex
\XKV@toks=\toks42
\XKV@tempa@toks=\toks43
)
\XKV@depth=\count424
File: xkeyval.tex 2014/12/03 v2.7a key=value parser (HA)
)) (/usr/share/texmf-dist/tex/latex/currfile/currfile.sty
Package: currfile 2020/09/29 v0.7d Provides the file path elements of the current input file
 (/usr/share/texmf-dist/tex/latex/filehook/filehook.sty
Package: filehook 2020/09/29 v0.8a Hooks for input files
 (/usr/share/texmf-dist/tex/latex/filehook/filehook-2020.sty
Package: filehook-2020 2020/09/29 v0.8a Hooks for input files
))
\c@currfiledepth=\count425
) (/usr/share/texmf-dist/tex/latex/gincltex/gincltex.sty (/usr/share/texmf-dist/tex/latex/svn-prov/svn-prov.sty
Package: svn-prov 2010/04/24 v3.1862 Package Date/Version from SVN Keywords
)
Package: gincltex 2011/09/04 v0.3 Include external LaTeX files like graphics
 (/usr/share/texmf-dist/tex/latex/adjustbox/adjustbox.sty
Package: adjustbox 2020/08/19 v1.3 Adjusting TeX boxes (trim, clip, ...)
 (/usr/share/texmf-dist/tex/latex/adjustbox/adjcalc.sty
Package: adjcalc 2012/05/16 v1.1 Provides advanced setlength with multiple back-ends (calc, etex, pgfmath)
) (/usr/share/texmf-dist/tex/latex/adjustbox/trimclip.sty
Package: trimclip 2020/08/19 v1.2 Trim and clip general TeX material
 (/usr/share/texmf-dist/tex/latex/collectbox/collectbox.sty
Package: collectbox 2012/05/17 v0.4b Collect macro arguments as boxes
\collectedbox=\box65
)
\tc@llx=\dimen259
\tc@lly=\dimen260
\tc@urx=\dimen261
\tc@ury=\dimen262
Package trimclip Info: Using driver 'tc-pdftex.def'.
 (/usr/share/texmf-dist/tex/latex/adjustbox/tc-pdftex.def
File: tc-pdftex.def 2019/01/04 v2.2 Clipping driver for pdftex
))
\adjbox@Width=\dimen263
\adjbox@Height=\dimen264
\adjbox@Depth=\dimen265
\adjbox@Totalheight=\dimen266
\adjbox@pwidth=\dimen267
\adjbox@pheight=\dimen268
\adjbox@pdepth=\dimen269
\adjbox@ptotalheight=\dimen270
 (/usr/share/texmf-dist/tex/latex/ifoddpage/ifoddpage.sty
Package: ifoddpage 2016/04/23 v1.1 Conditionals for odd/even page detection
\c@checkoddpage=\count426
) (/usr/share/texmf-dist/tex/latex/varwidth/varwidth.sty
Package: varwidth 2009/03/30 ver 0.92;  Variable-width minipages
\@vwid@box=\box66
\sift@deathcycles=\count427
\@vwid@loff=\dimen271
\@vwid@roff=\dimen272
))
\gincltex@box=\box67
) (/usr/share/texmf-dist/tex/latex/filemod/filemod-expmin.sty
Package: filemod-expmin 2011/09/19 v1.2 Get and compare file modification times (expandable; minimal)
)) (/usr/share/texmf-dist/tex/latex/svg/svg.sty
Package: svg 2020/11/26 v2.02k (include SVG pictures)
 (/usr/share/texmf-dist/tex/latex/koma-script/scrbase.sty
Package: scrbase 2021/11/13 v3.35 KOMA-Script package (KOMA-Script-independent basics and keyval usage)
 (/usr/share/texmf-dist/tex/latex/koma-script/scrlfile.sty
Package: scrlfile 2021/11/13 v3.35 KOMA-Script package (file load hooks)
 (/usr/share/texmf-dist/tex/latex/koma-script/scrlfile-hook.sty
Package: scrlfile-hook 2021/11/13 v3.35 KOMA-Script package (using LaTeX hooks)
 (/usr/share/texmf-dist/tex/latex/koma-script/scrlogo.sty
Package: scrlogo 2021/11/13 v3.35 KOMA-Script package (logo)
)))
Applying: [2021/05/01] Usage of raw or classic option list on input line 252.
Already applied: [0000/00/00] Usage of raw or classic option list on input line 368.
) (/usr/share/texmf-dist/tex/latex/trimspaces/trimspaces.sty
Package: trimspaces 2009/09/17 v1.1 Trim spaces around a token list
)
\c@svg@param@lastpage=\count428
\svg@box=\box68
\c@svg@param@currpage=\count429
) (/usr/share/texmf-dist/tex/latex/transparent/transparent.sty
Package: transparent 2019/11/29 v1.4 Transparency via pdfTeX's color stack (HO)
 (/usr/share/texmf-dist/tex/latex/auxhook/auxhook.sty
Package: auxhook 2019-12-17 v1.6 Hooks for auxiliary files (HO)
)) (/usr/share/texmf-dist/tex/latex/was/gensymb.sty
Package: gensymb 2003/07/02 v1.0 (WaS)
) (/usr/share/texmf-dist/tex/latex/float/float.sty
Package: float 2001/11/08 v1.3d Float enhancements (AL)
\c@float@type=\count430
\float@exts=\toks44
\float@box=\box69
\@float@everytoks=\toks45
\@floatcapt=\box70
) (/usr/share/texmf-dist/tex/latex/geometry/geometry.sty
Package: geometry 2020/01/02 v5.9 Page Geometry
 (/usr/share/texmf-dist/tex/generic/iftex/ifvtex.sty
Package: ifvtex 2019/10/25 v1.7 ifvtex legacy package. Use iftex instead.
)
\Gm@cnth=\count431
\Gm@cntv=\count432
\c@Gm@tempcnt=\count433
\Gm@bindingoffset=\dimen273
\Gm@wd@mp=\dimen274
\Gm@odd@mp=\dimen275
\Gm@even@mp=\dimen276
\Gm@layoutwidth=\dimen277
\Gm@layoutheight=\dimen278
\Gm@layouthoffset=\dimen279
\Gm@layoutvoffset=\dimen280
\Gm@dimlist=\toks46
) (/usr/share/texmf-dist/tex/latex/hyperref/hyperref.sty
Package: hyperref 2022-02-21 v7.00n Hypertext links for LaTeX
 (/usr/share/texmf-dist/tex/generic/kvdefinekeys/kvdefinekeys.sty
Package: kvdefinekeys 2019-12-19 v1.6 Define keys (HO)
) (/usr/share/texmf-dist/tex/generic/pdfescape/pdfescape.sty
Package: pdfescape 2019/12/09 v1.15 Implements pdfTeX's escape features (HO)
) (/usr/share/texmf-dist/tex/latex/hycolor/hycolor.sty
Package: hycolor 2020-01-27 v1.10 Color options for hyperref/bookmark (HO)
) (/usr/share/texmf-dist/tex/latex/letltxmacro/letltxmacro.sty
Package: letltxmacro 2019/12/03 v1.6 Let assignment for LaTeX macros (HO)
)
\@linkdim=\dimen281
\Hy@linkcounter=\count434
\Hy@pagecounter=\count435
 (/usr/share/texmf-dist/tex/latex/hyperref/pd1enc.def
File: pd1enc.def 2022-02-21 v7.00n Hyperref: PDFDocEncoding definition (HO)
Now handling font encoding PD1 ...
... no UTF-8 mapping file for font encoding PD1
) (/usr/share/texmf-dist/tex/generic/intcalc/intcalc.sty
Package: intcalc 2019/12/15 v1.3 Expandable calculations with integers (HO)
) (/usr/share/texmf-dist/tex/generic/etexcmds/etexcmds.sty
Package: etexcmds 2019/12/15 v1.7 Avoid name clashes with e-TeX commands (HO)
)
\Hy@SavedSpaceFactor=\count436
 (/usr/share/texmf-dist/tex/latex/hyperref/puenc.def
File: puenc.def 2022-02-21 v7.00n Hyperref: PDF Unicode definition (HO)
Now handling font encoding PU ...
... no UTF-8 mapping file for font encoding PU
)
Package hyperref Info: Hyper figures OFF on input line 4137.
Package hyperref Info: Link nesting OFF on input line 4142.
Package hyperref Info: Hyper index ON on input line 4145.
Package hyperref Info: Plain pages OFF on input line 4152.
Package hyperref Info: Backreferencing OFF on input line 4157.
Package hyperref Info: Implicit mode ON; LaTeX internals redefined.
Package hyperref Info: Bookmarks ON on input line 4390.
\c@Hy@tempcnt=\count437
LaTeX Info: Redefining \url on input line 4749.
\XeTeXLinkMargin=\dimen282
 (/usr/share/texmf-dist/tex/generic/bitset/bitset.sty
Package: bitset 2019/12/09 v1.3 Handle bit-vector datatype (HO)
 (/usr/share/texmf-dist/tex/generic/bigintcalc/bigintcalc.sty
Package: bigintcalc 2019/12/15 v1.5 Expandable calculations on big integers (HO)
))
\Fld@menulength=\count438
\Field@Width=\dimen283
\Fld@charsize=\dimen284
Package hyperref Info: Hyper figures OFF on input line 6027.
Package hyperref Info: Link nesting OFF on input line 6032.
Package hyperref Info: Hyper index ON on input line 6035.
Package hyperref Info: backreferencing OFF on input line 6042.
Package hyperref Info: Link coloring OFF on input line 6047.
Package hyperref Info: Link coloring with OCG OFF on input line 6052.
Package hyperref Info: PDF/A mode OFF on input line 6057.
LaTeX Info: Redefining \ref on input line 6097.
LaTeX Info: Redefining \pageref on input line 6101.
 (/usr/share/texmf-dist/tex/latex/base/atbegshi-ltx.sty
Package: atbegshi-ltx 2021/01/10 v1.0c Emulation of the original atbegshi
package with kernel methods
)
\Hy@abspage=\count439
\c@Item=\count440
\c@Hfootnote=\count441
)
Package hyperref Info: Driver (autodetected): hpdftex.
 (/usr/share/texmf-dist/tex/latex/hyperref/hpdftex.def
File: hpdftex.def 2022-02-21 v7.00n Hyperref driver for pdfTeX
 (/usr/share/texmf-dist/tex/latex/base/atveryend-ltx.sty
Package: atveryend-ltx 2020/08/19 v1.0a Emulation of the original atveryend package
with kernel methods
)
\Fld@listcount=\count442
\c@bookmark@seq@number=\count443
 (/usr/share/texmf-dist/tex/latex/rerunfilecheck/rerunfilecheck.sty
Package: rerunfilecheck 2019/12/05 v1.9 Rerun checks for auxiliary files (HO)
 (/usr/share/texmf-dist/tex/generic/uniquecounter/uniquecounter.sty
Package: uniquecounter 2019/12/15 v1.4 Provide unlimited unique counter (HO)
)
Package uniquecounter Info: New unique counter `rerunfilecheck' on input line 286.
)
\Hy@SectionHShift=\skip79
) (/usr/share/texmf-dist/tex/latex/animate/animate.sty
Package: animate 2022/02/21 PDF & SVG animations from files and inline graphics
 (/usr/share/texmf-dist/tex/latex/oberdiek/ifdraft.sty
Package: ifdraft 2016/05/16 v1.4 Detect class options draft and final (HO)
) (/usr/share/texmf-dist/tex/latex/tools/calc.sty
Package: calc 2017/05/25 v4.3 Infix arithmetic (KKT,FJ)
\calc@Acount=\count444
\calc@Bcount=\count445
\calc@Adimen=\dimen285
\calc@Bdimen=\dimen286
\calc@Askip=\skip80
\calc@Bskip=\skip81
LaTeX Info: Redefining \setlength on input line 80.
LaTeX Info: Redefining \addtolength on input line 81.
\calc@Ccount=\count446
\calc@Cskip=\skip82
) (/usr/share/texmf-dist/tex/latex/zref/zref-abspage.sty
Package: zref-abspage 2022-04-07 v2.34 Module abspage for zref (HO)
 (/usr/share/texmf-dist/tex/latex/zref/zref-base.sty
Package: zref-base 2022-04-07 v2.34 Module base for zref (HO)
Package zref Info: New property list: main on input line 767.
Package zref Info: New property: default on input line 768.
Package zref Info: New property: page on input line 769.
)
\c@abspage=\count447
Package zref Info: New property: abspage on input line 65.
)
(/usr/share/texmf-dist/tex/latex/media9/pdfbase.sty (/usr/share/texmf-dist/tex/latex/l3packages/l3keys2e/l3keys2e.sty
Package: l3keys2e 2022-01-12 LaTeX2e option processing using LaTeX3 keys
)
Package: pdfbase 2022/03/18 v0.54 driver independent access to low-level PDF features
\g_pbs_page_int=\count448
\g_pbs_oc_int=\count449
) (/usr/share/texmf-dist/tex/latex/ocgx2/ocgbase.sty
Package: ocgbase 2022/04/01 v0.21 support package for ocgx2.sty
\g_ocgbase_nd_int=\count450
)
\@anim@box=\box71
\@anim@measbox=\box72
\@anim@tmpdima=\dimen287
\@anim@tmpdimb=\dimen288
\@anim@num=\count451
\@anim@curframe=\count452
\@anim@curframe@zb=\count453
\@anim@resizeflags=\count454
\@anim@skipfram=\count455
\@anim@mulframecnt=\count456
\@anim@@tmlnfile=\read4
\@anim@tmpcnt=\count457
\c@@anim@ltxcnt=\count458
\@anim@curlayer=\count459
\@anim@lineno=\count460
\@anim@curfield=\count461
\@anim@@resizeflags=\count462
) (/usr/share/texmf-dist/tex/latex/caption/caption.sty
Package: caption 2022/03/01 v3.6b Customizing captions (AR)
 (/usr/share/texmf-dist/tex/latex/caption/caption3.sty
Package: caption3 2022/03/17 v2.3b caption3 kernel (AR)
\caption@tempdima=\dimen289
\captionmargin=\dimen290
\caption@leftmargin=\dimen291
\caption@rightmargin=\dimen292
\caption@width=\dimen293
\caption@indent=\dimen294
\caption@parindent=\dimen295
\caption@hangindent=\dimen296
Package caption Info: AMS or SMF document class detected.
 (/usr/share/texmf-dist/tex/latex/caption/caption-ams-smf.sto
File: caption-ams-smf.sto 2020/08/22 v2.0 Adaption of the caption package to the AMS and SMF document classes (AR)
))
\c@caption@flags=\count463
\c@continuedfloat=\count464
Package caption Info: float package is loaded.
Package caption Info: hyperref package is loaded.
) (/usr/share/texmf-dist/tex/latex/caption/subcaption.sty
Package: subcaption 2022/01/07 v1.5 Sub-captions (AR)
\c@subfigure=\count465
\c@subtable=\count466
) (/usr/share/texmf-dist/tex/latex/mathtools/mathtools.sty
Package: mathtools 2022/02/07 v1.28a mathematical typesetting tools
 (/usr/share/texmf-dist/tex/latex/mathtools/mhsetup.sty
Package: mhsetup 2021/03/18 v1.4 programming setup (MH)
)
\g_MT_multlinerow_int=\count467
\l_MT_multwidth_dim=\dimen297
\origjot=\skip83
\l_MT_shortvdotswithinadjustabove_dim=\dimen298
\l_MT_shortvdotswithinadjustbelow_dim=\dimen299
\l_MT_above_intertext_sep=\dimen300
\l_MT_below_intertext_sep=\dimen301
\l_MT_above_shortintertext_sep=\dimen302
\l_MT_below_shortintertext_sep=\dimen303
\xmathstrut@box=\box73
\xmathstrut@dim=\dimen304
) (/usr/share/texmf-dist/tex/latex/tools/array.sty
Package: array 2021/10/04 v2.5f Tabular extension package (FMi)
\col@sep=\dimen305
\ar@mcellbox=\box74
\extrarowheight=\dimen306
\NC@list=\toks47
\extratabsurround=\skip84
\backup@length=\skip85
\ar@cellbox=\box75
) (/usr/share/texmf-dist/tex/latex/thmtools/thmtools.sty
Package: thmtools 2020/08/01 v0.72
\thmt@toks=\toks48
\c@thmt@dummyctr=\count468
 (/usr/share/texmf-dist/tex/latex/thmtools/thm-patch.sty
Package: thm-patch 2020/08/01 v0.72
 (/usr/share/texmf-dist/tex/latex/thmtools/parseargs.sty
Package: parseargs 2020/08/01 v0.72
\@parsespec=\toks49
)) (/usr/share/texmf-dist/tex/latex/thmtools/thm-kv.sty
Package: thm-kv 2020/08/01 v0.72
Package thm-kv Info: Theorem names will be uppercased on input line 42.
Package thm-kv Info: kvsetkeys patch (v1.16 or later) on input line 158.
) (/usr/share/texmf-dist/tex/latex/thmtools/thm-autoref.sty
Package: thm-autoref 2020/08/01 v0.72
 (/usr/share/texmf-dist/tex/latex/thmtools/aliasctr.sty
Package: aliasctr 2020/08/01 v0.72
)) (/usr/share/texmf-dist/tex/latex/thmtools/thm-listof.sty
Package: thm-listof 2020/08/01 v0.72
) (/usr/share/texmf-dist/tex/latex/thmtools/thm-restate.sty
Package: thm-restate 2020/08/01 v0.72
) (/usr/share/texmf-dist/tex/latex/thmtools/thm-amsthm.sty
Package: thm-amsthm 2020/08/01 v0.72
\thmt@style@headstyle=\toks50
))
\c@theorem=\count469
\c@sublemma=\count470
Package hyperref Info: Option `colorlinks' set `true' on input line 38.
\@quotelevel=\count471
\@quotereset=\count472
 (./DraftDoc.aux)
\openout1 = `DraftDoc.aux'.

LaTeX Font Info:    Checking defaults for OML/cmm/m/it on input line 40.
LaTeX Font Info:    ... okay on input line 40.
LaTeX Font Info:    Checking defaults for OMS/cmsy/m/n on input line 40.
LaTeX Font Info:    ... okay on input line 40.
LaTeX Font Info:    Checking defaults for OT1/cmr/m/n on input line 40.
LaTeX Font Info:    ... okay on input line 40.
LaTeX Font Info:    Checking defaults for T1/cmr/m/n on input line 40.
LaTeX Font Info:    ... okay on input line 40.
LaTeX Font Info:    Checking defaults for TS1/cmr/m/n on input line 40.
LaTeX Font Info:    ... okay on input line 40.
LaTeX Font Info:    Checking defaults for OMX/cmex/m/n on input line 40.
LaTeX Font Info:    ... okay on input line 40.
LaTeX Font Info:    Checking defaults for U/cmr/m/n on input line 40.
LaTeX Font Info:    ... okay on input line 40.
LaTeX Font Info:    Checking defaults for PD1/pdf/m/n on input line 40.
LaTeX Font Info:    ... okay on input line 40.
LaTeX Font Info:    Checking defaults for PU/pdf/m/n on input line 40.
LaTeX Font Info:    ... okay on input line 40.
LaTeX Font Info:    Trying to load font information for U+msa on input line 40.
 (/usr/share/texmf-dist/tex/latex/amsfonts/umsa.fd
File: umsa.fd 2013/01/14 v3.01 AMS symbols A
)
LaTeX Font Info:    Trying to load font information for U+msb on input line 40.
 (/usr/share/texmf-dist/tex/latex/amsfonts/umsb.fd
File: umsb.fd 2013/01/14 v3.01 AMS symbols B
)
Package biblatex Info: Trying to load language 'english'...
Package biblatex Info: ... file 'english.lbx' found.
 (/usr/share/texmf-dist/tex/latex/biblatex/lbx/english.lbx
File: english.lbx 2022/02/02 v3.17 biblatex localization (PK/MW)
)
Package biblatex Info: Input encoding 'utf8' detected.
Package biblatex Info: Automatic encoding selection.
(biblatex)             Assuming data encoding 'utf8'.
\openout3 = `DraftDoc.bcf'.

Package biblatex Info: Trying to load bibliographic data...
Package biblatex Info: ... file 'DraftDoc.bbl' found.
 (./DraftDoc.bbl)
Package biblatex Info: Reference section=0 on input line 40.
Package biblatex Info: Reference segment=0 on input line 40.
 (/usr/share/texmf-dist/tex/context/base/mkii/supp-pdf.mkii
[Loading MPS to PDF converter (version 2006.09.02).]
\scratchcounter=\count473
\scratchdimen=\dimen307
\scratchbox=\box76
\nofMPsegments=\count474
\nofMParguments=\count475
\everyMPshowfont=\toks51
\MPscratchCnt=\count476
\MPscratchDim=\dimen308
\MPnumerator=\count477
\makeMPintoPDFobject=\count478
\everyMPtoPDFconversion=\toks52
) (/usr/share/texmf-dist/tex/latex/epstopdf-pkg/epstopdf-base.sty
Package: epstopdf-base 2020-01-24 v2.11 Base part for package epstopdf
Package epstopdf-base Info: Redefining graphics rule for `.eps' on input line 485.
 (/usr/share/texmf-dist/tex/latex/latexconfig/epstopdf-sys.cfg
File: epstopdf-sys.cfg 2010/07/13 v1.3 Configuration of (r)epstopdf for TeX Live
))
LaTeX Info: Redefining \celsius on input line 40.
Package gensymb Info: Faking symbols for \degree and \celsius on input line 40.


Package gensymb Warning: Not defining \perthousand.

LaTeX Info: Redefining \ohm on input line 40.
Package gensymb Info: Using \Omega for \ohm on input line 40.

Package gensymb Warning: Not defining \micro.

*geometry* driver: auto-detecting
*geometry* detected driver: pdftex
*geometry* verbose mode - [ preamble ] result:
* driver: pdftex
* paper: <default>
* layout: <same size as paper>
* layoutoffset:(h,v)=(0.0pt,0.0pt)
* modes: twoside 
* h-part:(L,W,R)=(73.71613pt, 430.00462pt, 110.57425pt)
* v-part:(T,H,B)=(95.39737pt, 556.47656pt, 143.09605pt)
* \paperwidth=614.295pt
* \paperheight=794.96999pt
* \textwidth=430.00462pt
* \textheight=556.47656pt
* \oddsidemargin=1.44614pt
* \evensidemargin=38.30426pt
* \topmargin=1.12738pt
* \headheight=8.0pt
* \headsep=14.0pt
* \topskip=10.0pt
* \footskip=12.0pt
* \marginparwidth=90.0pt
* \marginparsep=11.0pt
* \columnsep=10.0pt
* \skip\footins=7.0pt plus 11.0pt
* \hoffset=0.0pt
* \voffset=0.0pt
* \mag=1000
* \@twocolumnfalse
* \@twosidetrue
* \@mparswitchtrue
* \@reversemarginfalse
* (1in=72.27pt=25.4mm, 1cm=28.453pt)

Package hyperref Info: Link coloring ON on input line 40.
(/usr/share/texmf-dist/tex/latex/hyperref/nameref.sty
Package: nameref 2021-04-02 v2.47 Cross-referencing by name of section
 (/usr/share/texmf-dist/tex/latex/refcount/refcount.sty
Package: refcount 2019/12/15 v3.6 Data extraction from label references (HO)
) (/usr/share/texmf-dist/tex/generic/gettitlestring/gettitlestring.sty
Package: gettitlestring 2019/12/15 v1.6 Cleanup title references (HO)
)
\c@section@level=\count479
)
LaTeX Info: Redefining \ref on input line 40.
LaTeX Info: Redefining \pageref on input line 40.
LaTeX Info: Redefining \nameref on input line 40.
 (./DraftDoc.out) (./DraftDoc.out)
\@outlinefile=\write5
\openout5 = `DraftDoc.out'.

Package caption Info: Begin \AtBeginDocument code.
Package caption Info: End \AtBeginDocument code.

Underfull \vbox (badness 10000) has occurred while \output is active []

 [1{/var/lib/texmf/fonts/map/pdftex/updmap/pdftex.map}] (./SynthDataDiagrams/methodology1.tex) (./SynthDataDiagrams/methodology2.tex) (./SynthDataDiagrams/methodology3.tex)
Overfull \hbox (24.99437pt too wide) in paragraph at lines 98--135
[][] 
 []


Underfull \vbox (badness 10000) has occurred while \output is active []

 [2]
Underfull \hbox (badness 10000) in paragraph at lines 147--148

 []


Underfull \hbox (badness 10000) in paragraph at lines 153--157

 []


Underfull \vbox (badness 4060) has occurred while \output is active []

 [3]
Underfull \vbox (badness 1314) has occurred while \output is active []

 [4] [5]
Underfull \hbox (badness 10000) in paragraph at lines 200--201

 []

[6] (./SynthDataDiagrams/2community1.tex)
Overfull \hbox (1.28017pt too wide) in paragraph at lines 210--211
 [][] 
 []

(./SynthDataDiagrams/2community2.tex)
Overfull \hbox (1.28017pt too wide) in paragraph at lines 218--219
 [][] 
 []

(./SynthDataDiagrams/2community3.tex)
Overfull \hbox (1.28017pt too wide) in paragraph at lines 226--227
 [][] 
 []

(./SynthDataDiagrams/longTail1.tex) (./SynthDataDiagrams/longTail2.tex) (./SynthDataDiagrams/longTail3.tex) (./SynthDataDiagrams/3community1.tex) (./SynthDataDiagrams/3community2.tex) (./SynthDataDiagrams/3community3.tex) [7]
Underfull \vbox (badness 2253) has occurred while \output is active []

 [8]
<./Plots/Test Only/2communities/2communities 1.png, id=169, 702.625pt x 501.875pt>
File: ./Plots/Test Only/2communities/2communities 1.png Graphic file (type png)
<use ./Plots/Test Only/2communities/2communities 1.png>
Package pdftex.def Info: ./Plots/Test Only/2communities/2communities 1.png  used on input line 307.
(pdftex.def)             Requested size: 129.00269pt x 92.14088pt.
<./Plots/Test Only/2communities/2communities 2.png, id=171, 702.625pt x 501.875pt>
File: ./Plots/Test Only/2communities/2communities 2.png Graphic file (type png)
<use ./Plots/Test Only/2communities/2communities 2.png>
Package pdftex.def Info: ./Plots/Test Only/2communities/2communities 2.png  used on input line 307.
(pdftex.def)             Requested size: 129.00269pt x 92.14088pt.
<./Plots/Test Only/2communities/2communities 3.png, id=172, 702.625pt x 501.875pt>
File: ./Plots/Test Only/2communities/2communities 3.png Graphic file (type png)
<use ./Plots/Test Only/2communities/2communities 3.png>
Package pdftex.def Info: ./Plots/Test Only/2communities/2communities 3.png  used on input line 307.
(pdftex.def)             Requested size: 129.00269pt x 92.14088pt.
<./Plots/Test Only/2communities/2communities 4.png, id=173, 702.625pt x 501.875pt>
File: ./Plots/Test Only/2communities/2communities 4.png Graphic file (type png)
<use ./Plots/Test Only/2communities/2communities 4.png>
Package pdftex.def Info: ./Plots/Test Only/2communities/2communities 4.png  used on input line 307.
(pdftex.def)             Requested size: 129.00269pt x 92.14088pt.
<./Plots/Test Only/2communities/2communities 5.png, id=174, 702.625pt x 501.875pt>
File: ./Plots/Test Only/2communities/2communities 5.png Graphic file (type png)
<use ./Plots/Test Only/2communities/2communities 5.png>
Package pdftex.def Info: ./Plots/Test Only/2communities/2communities 5.png  used on input line 307.
(pdftex.def)             Requested size: 129.00269pt x 92.14088pt.
<./Plots/Test Only/2communities/2communities 6.png, id=175, 702.625pt x 501.875pt>
File: ./Plots/Test Only/2communities/2communities 6.png Graphic file (type png)
<use ./Plots/Test Only/2communities/2communities 6.png>
Package pdftex.def Info: ./Plots/Test Only/2communities/2communities 6.png  used on input line 307.
(pdftex.def)             Requested size: 129.00269pt x 92.14088pt.
<./Plots/Test Only/2communities/2communities 7.png, id=176, 702.625pt x 501.875pt>
File: ./Plots/Test Only/2communities/2communities 7.png Graphic file (type png)
<use ./Plots/Test Only/2communities/2communities 7.png>
Package pdftex.def Info: ./Plots/Test Only/2communities/2communities 7.png  used on input line 307.
(pdftex.def)             Requested size: 129.00269pt x 92.14088pt.
<./Plots/Test Only/2communities/2communities 8.png, id=177, 702.625pt x 501.875pt>
File: ./Plots/Test Only/2communities/2communities 8.png Graphic file (type png)
<use ./Plots/Test Only/2communities/2communities 8.png>
Package pdftex.def Info: ./Plots/Test Only/2communities/2communities 8.png  used on input line 307.
(pdftex.def)             Requested size: 129.00269pt x 92.14088pt.
<./Plots/Test Only/2communities/2communities 9.png, id=178, 702.625pt x 501.875pt>
File: ./Plots/Test Only/2communities/2communities 9.png Graphic file (type png)
<use ./Plots/Test Only/2communities/2communities 9.png>
Package pdftex.def Info: ./Plots/Test Only/2communities/2communities 9.png  used on input line 307.
(pdftex.def)             Requested size: 129.00269pt x 92.14088pt.
<./Plots/Test Only/2communities/2communities 10.png, id=179, 702.625pt x 501.875pt>
File: ./Plots/Test Only/2communities/2communities 10.png Graphic file (type png)
<use ./Plots/Test Only/2communities/2communities 10.png>
Package pdftex.def Info: ./Plots/Test Only/2communities/2communities 10.png  used on input line 307.
(pdftex.def)             Requested size: 129.00269pt x 92.14088pt.
<./Plots/Test Only/2communities/2communities 11.png, id=180, 702.625pt x 501.875pt>
File: ./Plots/Test Only/2communities/2communities 11.png Graphic file (type png)
<use ./Plots/Test Only/2communities/2communities 11.png>
Package pdftex.def Info: ./Plots/Test Only/2communities/2communities 11.png  used on input line 307.
(pdftex.def)             Requested size: 129.00269pt x 92.14088pt.
<./Plots/Test Only/2communities/2communities 12.png, id=181, 702.625pt x 501.875pt>
File: ./Plots/Test Only/2communities/2communities 12.png Graphic file (type png)
<use ./Plots/Test Only/2communities/2communities 12.png>
Package pdftex.def Info: ./Plots/Test Only/2communities/2communities 12.png  used on input line 307.
(pdftex.def)             Requested size: 129.00269pt x 92.14088pt.
<./Plots/Test Only/2communities/2communities 13.png, id=182, 702.625pt x 501.875pt>
File: ./Plots/Test Only/2communities/2communities 13.png Graphic file (type png)
<use ./Plots/Test Only/2communities/2communities 13.png>
Package pdftex.def Info: ./Plots/Test Only/2communities/2communities 13.png  used on input line 307.
(pdftex.def)             Requested size: 129.00269pt x 92.14088pt.
<./Plots/Test Only/2communities/2communities 14.png, id=183, 702.625pt x 501.875pt>
File: ./Plots/Test Only/2communities/2communities 14.png Graphic file (type png)
<use ./Plots/Test Only/2communities/2communities 14.png>
Package pdftex.def Info: ./Plots/Test Only/2communities/2communities 14.png  used on input line 307.
(pdftex.def)             Requested size: 129.00269pt x 92.14088pt.
<./Plots/Test Only/2communities/2communities 15.png, id=184, 702.625pt x 501.875pt>
File: ./Plots/Test Only/2communities/2communities 15.png Graphic file (type png)
<use ./Plots/Test Only/2communities/2communities 15.png>
Package pdftex.def Info: ./Plots/Test Only/2communities/2communities 15.png  used on input line 307.
(pdftex.def)             Requested size: 129.00269pt x 92.14088pt.


LaTeX Warning: Float too large for page by 131.72778pt on input line 310.


Underfull \hbox (badness 10000) in paragraph at lines 313--314

 []

<./Plots/Test Only/longTail/longTail 1.png, id=185, 702.625pt x 501.875pt>
File: ./Plots/Test Only/longTail/longTail 1.png Graphic file (type png)
<use ./Plots/Test Only/longTail/longTail 1.png>
Package pdftex.def Info: ./Plots/Test Only/longTail/longTail 1.png  used on input line 325.
(pdftex.def)             Requested size: 129.00269pt x 92.14088pt.
<./Plots/Test Only/longTail/longTail 2.png, id=186, 702.625pt x 501.875pt>
File: ./Plots/Test Only/longTail/longTail 2.png Graphic file (type png)
<use ./Plots/Test Only/longTail/longTail 2.png>
Package pdftex.def Info: ./Plots/Test Only/longTail/longTail 2.png  used on input line 325.
(pdftex.def)             Requested size: 129.00269pt x 92.14088pt.
<./Plots/Test Only/longTail/longTail 3.png, id=187, 702.625pt x 501.875pt>
File: ./Plots/Test Only/longTail/longTail 3.png Graphic file (type png)
<use ./Plots/Test Only/longTail/longTail 3.png>
Package pdftex.def Info: ./Plots/Test Only/longTail/longTail 3.png  used on input line 325.
(pdftex.def)             Requested size: 129.00269pt x 92.14088pt.
<./Plots/Test Only/longTail/longTail 4.png, id=188, 702.625pt x 501.875pt>
File: ./Plots/Test Only/longTail/longTail 4.png Graphic file (type png)
<use ./Plots/Test Only/longTail/longTail 4.png>
Package pdftex.def Info: ./Plots/Test Only/longTail/longTail 4.png  used on input line 325.
(pdftex.def)             Requested size: 129.00269pt x 92.14088pt.
<./Plots/Test Only/longTail/longTail 5.png, id=189, 702.625pt x 501.875pt>
File: ./Plots/Test Only/longTail/longTail 5.png Graphic file (type png)
<use ./Plots/Test Only/longTail/longTail 5.png>
Package pdftex.def Info: ./Plots/Test Only/longTail/longTail 5.png  used on input line 325.
(pdftex.def)             Requested size: 129.00269pt x 92.14088pt.
<./Plots/Test Only/longTail/longTail 6.png, id=190, 702.625pt x 501.875pt>
File: ./Plots/Test Only/longTail/longTail 6.png Graphic file (type png)
<use ./Plots/Test Only/longTail/longTail 6.png>
Package pdftex.def Info: ./Plots/Test Only/longTail/longTail 6.png  used on input line 325.
(pdftex.def)             Requested size: 129.00269pt x 92.14088pt.
<./Plots/Test Only/longTail/longTail 7.png, id=191, 702.625pt x 501.875pt>
File: ./Plots/Test Only/longTail/longTail 7.png Graphic file (type png)
<use ./Plots/Test Only/longTail/longTail 7.png>
Package pdftex.def Info: ./Plots/Test Only/longTail/longTail 7.png  used on input line 325.
(pdftex.def)             Requested size: 129.00269pt x 92.14088pt.
<./Plots/Test Only/longTail/longTail 8.png, id=192, 702.625pt x 501.875pt>
File: ./Plots/Test Only/longTail/longTail 8.png Graphic file (type png)
<use ./Plots/Test Only/longTail/longTail 8.png>
Package pdftex.def Info: ./Plots/Test Only/longTail/longTail 8.png  used on input line 325.
(pdftex.def)             Requested size: 129.00269pt x 92.14088pt.
<./Plots/Test Only/longTail/longTail 9.png, id=193, 702.625pt x 501.875pt>
File: ./Plots/Test Only/longTail/longTail 9.png Graphic file (type png)
<use ./Plots/Test Only/longTail/longTail 9.png>
Package pdftex.def Info: ./Plots/Test Only/longTail/longTail 9.png  used on input line 325.
(pdftex.def)             Requested size: 129.00269pt x 92.14088pt.
<./Plots/Test Only/longTail/longTail 10.png, id=194, 702.625pt x 501.875pt>
File: ./Plots/Test Only/longTail/longTail 10.png Graphic file (type png)
<use ./Plots/Test Only/longTail/longTail 10.png>
Package pdftex.def Info: ./Plots/Test Only/longTail/longTail 10.png  used on input line 325.
(pdftex.def)             Requested size: 129.00269pt x 92.14088pt.
<./Plots/Test Only/longTail/longTail 11.png, id=195, 702.625pt x 501.875pt>
File: ./Plots/Test Only/longTail/longTail 11.png Graphic file (type png)
<use ./Plots/Test Only/longTail/longTail 11.png>
Package pdftex.def Info: ./Plots/Test Only/longTail/longTail 11.png  used on input line 325.
(pdftex.def)             Requested size: 129.00269pt x 92.14088pt.
<./Plots/Test Only/longTail/longTail 12.png, id=196, 702.625pt x 501.875pt>
File: ./Plots/Test Only/longTail/longTail 12.png Graphic file (type png)
<use ./Plots/Test Only/longTail/longTail 12.png>
Package pdftex.def Info: ./Plots/Test Only/longTail/longTail 12.png  used on input line 325.
(pdftex.def)             Requested size: 129.00269pt x 92.14088pt.
<./Plots/Test Only/longTail/longTail 13.png, id=197, 702.625pt x 501.875pt>
File: ./Plots/Test Only/longTail/longTail 13.png Graphic file (type png)
<use ./Plots/Test Only/longTail/longTail 13.png>
Package pdftex.def Info: ./Plots/Test Only/longTail/longTail 13.png  used on input line 325.
(pdftex.def)             Requested size: 129.00269pt x 92.14088pt.
<./Plots/Test Only/longTail/longTail 14.png, id=198, 702.625pt x 501.875pt>
File: ./Plots/Test Only/longTail/longTail 14.png Graphic file (type png)
<use ./Plots/Test Only/longTail/longTail 14.png>
Package pdftex.def Info: ./Plots/Test Only/longTail/longTail 14.png  used on input line 325.
(pdftex.def)             Requested size: 129.00269pt x 92.14088pt.
<./Plots/Test Only/longTail/longTail 15.png, id=199, 702.625pt x 501.875pt>
File: ./Plots/Test Only/longTail/longTail 15.png Graphic file (type png)
<use ./Plots/Test Only/longTail/longTail 15.png>
Package pdftex.def Info: ./Plots/Test Only/longTail/longTail 15.png  used on input line 325.
(pdftex.def)             Requested size: 129.00269pt x 92.14088pt.

LaTeX Warning: Float too large for page by 131.72778pt on input line 328.

[9] [10 <./Plots/Test Only/2communities/2communities 1.png> <./Plots/Test Only/2communities/2communities 2.png> <./Plots/Test Only/2communities/2communities 3.png> <./Plots/Test Only/2communities/2communities 4.png> <./Plots/Test Only/2communities/2communities 5.png> <./Plots/Test Only/2communities/2communities 6.png> <./Plots/Test Only/2communities/2communities 7.png> <./Plots/Test Only/2communities/2communities 8.png> <./Plots/Test Only/2communities/2communities 9.png> <./Plots/Test Only/2communities/2communities 10.png> <./Plots/Test Only/2communities/2communities 11.png> <./Plots/Test Only/2communities/2communities 12.png> <./Plots/Test Only/2communities/2communities 13.png> <./Plots/Test Only/2communities/2communities 14.png> <./Plots/Test Only/2communities/2communities 15.png>] [11 <./Plots/Test Only/longTail/longTail 1.png> <./Plots/Test Only/longTail/longTail 2.png> <./Plots/Test Only/longTail/longTail 3.png> <./Plots/Test Only/longTail/longTail 4.png> <./Plots/Test Only/longTail/longTail 5.png> <./Plots/Test Only/longTail/longTail 6.png> <./Plots/Test Only/longTail/longTail 7.png> <./Plots/Test Only/longTail/longTail 8.png> <./Plots/Test Only/longTail/longTail 9.png> <./Plots/Test Only/longTail/longTail 10.png> <./Plots/Test Only/longTail/longTail 11.png> <./Plots/Test Only/longTail/longTail 12.png> <./Plots/Test Only/longTail/longTail 13.png> <./Plots/Test Only/longTail/longTail 14.png> <./Plots/Test Only/longTail/longTail 15.png>]
<./Plots/Test Only/3community/3community 1.png, id=248, 702.625pt x 501.875pt>
File: ./Plots/Test Only/3community/3community 1.png Graphic file (type png)
<use ./Plots/Test Only/3community/3community 1.png>
Package pdftex.def Info: ./Plots/Test Only/3community/3community 1.png  used on input line 341.
(pdftex.def)             Requested size: 129.00269pt x 92.14088pt.
<./Plots/Test Only/3community/3community 2.png, id=249, 702.625pt x 501.875pt>
File: ./Plots/Test Only/3community/3community 2.png Graphic file (type png)
<use ./Plots/Test Only/3community/3community 2.png>
Package pdftex.def Info: ./Plots/Test Only/3community/3community 2.png  used on input line 341.
(pdftex.def)             Requested size: 129.00269pt x 92.14088pt.
<./Plots/Test Only/3community/3community 3.png, id=250, 702.625pt x 501.875pt>
File: ./Plots/Test Only/3community/3community 3.png Graphic file (type png)
<use ./Plots/Test Only/3community/3community 3.png>
Package pdftex.def Info: ./Plots/Test Only/3community/3community 3.png  used on input line 341.
(pdftex.def)             Requested size: 129.00269pt x 92.14088pt.
<./Plots/Test Only/3community/3community 4.png, id=251, 702.625pt x 501.875pt>
File: ./Plots/Test Only/3community/3community 4.png Graphic file (type png)
<use ./Plots/Test Only/3community/3community 4.png>
Package pdftex.def Info: ./Plots/Test Only/3community/3community 4.png  used on input line 341.
(pdftex.def)             Requested size: 129.00269pt x 92.14088pt.
<./Plots/Test Only/3community/3community 5.png, id=252, 702.625pt x 501.875pt>
File: ./Plots/Test Only/3community/3community 5.png Graphic file (type png)
<use ./Plots/Test Only/3community/3community 5.png>
Package pdftex.def Info: ./Plots/Test Only/3community/3community 5.png  used on input line 341.
(pdftex.def)             Requested size: 129.00269pt x 92.14088pt.
<./Plots/Test Only/3community/3community 6.png, id=253, 702.625pt x 501.875pt>
File: ./Plots/Test Only/3community/3community 6.png Graphic file (type png)
<use ./Plots/Test Only/3community/3community 6.png>
Package pdftex.def Info: ./Plots/Test Only/3community/3community 6.png  used on input line 341.
(pdftex.def)             Requested size: 129.00269pt x 92.14088pt.
<./Plots/Test Only/3community/3community 7.png, id=254, 702.625pt x 501.875pt>
File: ./Plots/Test Only/3community/3community 7.png Graphic file (type png)
<use ./Plots/Test Only/3community/3community 7.png>
Package pdftex.def Info: ./Plots/Test Only/3community/3community 7.png  used on input line 341.
(pdftex.def)             Requested size: 129.00269pt x 92.14088pt.
<./Plots/Test Only/3community/3community 8.png, id=255, 702.625pt x 501.875pt>
File: ./Plots/Test Only/3community/3community 8.png Graphic file (type png)
<use ./Plots/Test Only/3community/3community 8.png>
Package pdftex.def Info: ./Plots/Test Only/3community/3community 8.png  used on input line 341.
(pdftex.def)             Requested size: 129.00269pt x 92.14088pt.
<./Plots/Test Only/3community/3community 9.png, id=256, 702.625pt x 501.875pt>
File: ./Plots/Test Only/3community/3community 9.png Graphic file (type png)
<use ./Plots/Test Only/3community/3community 9.png>
Package pdftex.def Info: ./Plots/Test Only/3community/3community 9.png  used on input line 341.
(pdftex.def)             Requested size: 129.00269pt x 92.14088pt.
<./Plots/Test Only/3community/3community 10.png, id=257, 702.625pt x 501.875pt>
File: ./Plots/Test Only/3community/3community 10.png Graphic file (type png)
<use ./Plots/Test Only/3community/3community 10.png>
Package pdftex.def Info: ./Plots/Test Only/3community/3community 10.png  used on input line 341.
(pdftex.def)             Requested size: 129.00269pt x 92.14088pt.
<./Plots/Test Only/3community/3community 11.png, id=258, 702.625pt x 501.875pt>
File: ./Plots/Test Only/3community/3community 11.png Graphic file (type png)
<use ./Plots/Test Only/3community/3community 11.png>
Package pdftex.def Info: ./Plots/Test Only/3community/3community 11.png  used on input line 341.
(pdftex.def)             Requested size: 129.00269pt x 92.14088pt.
<./Plots/Test Only/3community/3community 12.png, id=259, 702.625pt x 501.875pt>
File: ./Plots/Test Only/3community/3community 12.png Graphic file (type png)
<use ./Plots/Test Only/3community/3community 12.png>
Package pdftex.def Info: ./Plots/Test Only/3community/3community 12.png  used on input line 341.
(pdftex.def)             Requested size: 129.00269pt x 92.14088pt.
<./Plots/Test Only/3community/3community 13.png, id=260, 702.625pt x 501.875pt>
File: ./Plots/Test Only/3community/3community 13.png Graphic file (type png)
<use ./Plots/Test Only/3community/3community 13.png>
Package pdftex.def Info: ./Plots/Test Only/3community/3community 13.png  used on input line 341.
(pdftex.def)             Requested size: 129.00269pt x 92.14088pt.
<./Plots/Test Only/3community/3community 14.png, id=261, 702.625pt x 501.875pt>
File: ./Plots/Test Only/3community/3community 14.png Graphic file (type png)
<use ./Plots/Test Only/3community/3community 14.png>
Package pdftex.def Info: ./Plots/Test Only/3community/3community 14.png  used on input line 341.
(pdftex.def)             Requested size: 129.00269pt x 92.14088pt.
<./Plots/Test Only/3community/3community 15.png, id=262, 702.625pt x 501.875pt>
File: ./Plots/Test Only/3community/3community 15.png Graphic file (type png)
<use ./Plots/Test Only/3community/3community 15.png>
Package pdftex.def Info: ./Plots/Test Only/3community/3community 15.png  used on input line 341.
(pdftex.def)             Requested size: 129.00269pt x 92.14088pt.


LaTeX Warning: Float too large for page by 131.72778pt on input line 344.


Underfull \hbox (badness 10000) in paragraph at lines 360--360
[]|\OT1/cmr/m/n/12 Embedding Mean
 []


Underfull \hbox (badness 10000) in paragraph at lines 360--361
\OT1/cmr/m/n/12 Pre-dic-tion Mean
 []


Overfull \hbox (41.99992pt too wide) in paragraph at lines 358--370
 [] 
 []

[12] [13 <./Plots/Test Only/3community/3community 1.png> <./Plots/Test Only/3community/3community 2.png> <./Plots/Test Only/3community/3community 3.png> <./Plots/Test Only/3community/3community 4.png> <./Plots/Test Only/3community/3community 5.png> <./Plots/Test Only/3community/3community 6.png> <./Plots/Test Only/3community/3community 7.png> <./Plots/Test Only/3community/3community 8.png> <./Plots/Test Only/3community/3community 9.png> <./Plots/Test Only/3community/3community 10.png> <./Plots/Test Only/3community/3community 11.png> <./Plots/Test Only/3community/3community 12.png> <./Plots/Test Only/3community/3community 13.png> <./Plots/Test Only/3community/3community 14.png> <./Plots/Test Only/3community/3community 15.png>]
Overfull \hbox (5.53531pt too wide) in paragraph at lines 382--384
\OT1/cmr/m/n/12 Through-out these tests the neu-ral net-work per-formed XXXXXXX, with the XXXXXX
 []

[14] [15] [16] (./DraftDoc.aux)
Package rerunfilecheck Info: File `DraftDoc.out' has not changed.
(rerunfilecheck)             Checksum: 30E0FE8C5E78E4F0AC6D55D54BC00760;1539.
Package logreq Info: Writing requests to 'DraftDoc.run.xml'.
\openout1 = `DraftDoc.run.xml'.

 ) 
Here is how much of TeX's memory you used:
 35376 strings out of 478238
 681952 string characters out of 5850455
 1410403 words of memory out of 5000000
 52733 multiletter control sequences out of 15000+600000
 478875 words of font info for 66 fonts, out of 8000000 for 9000
 1302 hyphenation exceptions out of 8191
 100i,21n,117p,1149b,1417s stack positions out of 5000i,500n,10000p,200000b,80000s
</usr/share/texmf-dist/fonts/type1/public/amsfonts/cm/cmbx12.pfb></usr/share/texmf-dist/fonts/type1/public/amsfonts/cm/cmcsc10.pfb></usr/share/texmf-dist/fonts/type1/public/amsfonts/cm/cmex10.pfb></usr/share/texmf-dist/fonts/type1/public/amsfonts/cm/cmmi10.pfb></usr/share/texmf-dist/fonts/type1/public/amsfonts/cm/cmmi12.pfb></usr/share/texmf-dist/fonts/type1/public/amsfonts/cm/cmmi8.pfb></usr/share/texmf-dist/fonts/type1/public/amsfonts/cm/cmr10.pfb></usr/share/texmf-dist/fonts/type1/public/amsfonts/cm/cmr12.pfb></usr/share/texmf-dist/fonts/type1/public/amsfonts/cm/cmr8.pfb></usr/share/texmf-dist/fonts/type1/public/amsfonts/cm/cmr9.pfb></usr/share/texmf-dist/fonts/type1/public/amsfonts/cm/cmsy10.pfb></usr/share/texmf-dist/fonts/type1/public/amsfonts/cm/cmsy8.pfb></usr/share/texmf-dist/fonts/type1/public/amsfonts/cm/cmti12.pfb></usr/share/texmf-dist/fonts/type1/public/amsfonts/cm/cmtt12.pfb></usr/share/texmf-dist/fonts/type1/public/amsfonts/symbols/msbm10.pfb>
Output written on DraftDoc.pdf (16 pages, 878329 bytes).
PDF statistics:
 394 PDF objects out of 1000 (max. 8388607)
 252 compressed objects within 3 object streams
 58 named destinations out of 1000 (max. 500000)
 326 words of extra memory for PDF output out of 10000 (max. 10000000)

